<testsuites id="" name="" tests="154" failures="110" skipped="0" errors="0" time="469.378136">
<testsuite name="homepage-cms-performance.spec.ts" timestamp="2025-10-05T18:09:09.268Z" hostname="chromium" tests="22" failures="12" skipped="0" time="346.648" errors="0">
<testcase name="Homepage CMS Performance Tests › Page Load Performance › should load homepage within acceptable time" classname="homepage-cms-performance.spec.ts" time="5.554">
<failure message="homepage-cms-performance.spec.ts:12:9 should load homepage within acceptable time" type="FAILURE">
<![CDATA[  [chromium] › homepage-cms-performance.spec.ts:12:9 › Homepage CMS Performance Tests › Page Load Performance › should load homepage within acceptable time 

    Error: expect(received).toBeLessThan(expected)

    Expected: < 3000
    Received:   3055

      19 |       
      20 |       // Homepage should load within 3 seconds
    > 21 |       expect(loadTime).toBeLessThan(3000);
         |                        ^
      22 |       
      23 |       console.log(`Homepage load time: ${loadTime}ms`);
      24 |     });
        at C:\dev\fullstack\next_laravel\nik_studio_2_19\frontend_next\tests\e2e\homepage-cms-performance.spec.ts:21:24

    attachment #1: screenshot (image/png) ──────────────────────────────────────────────────────────
    ..\..\test-results\homepage-cms-performance-H-973df-page-within-acceptable-time-chromium\test-failed-1.png
    ────────────────────────────────────────────────────────────────────────────────────────────────

    attachment #2: video (video/webm) ──────────────────────────────────────────────────────────────
    ..\..\test-results\homepage-cms-performance-H-973df-page-within-acceptable-time-chromium\video.webm
    ────────────────────────────────────────────────────────────────────────────────────────────────

    Error Context: ..\..\test-results\homepage-cms-performance-H-973df-page-within-acceptable-time-chromium\error-context.md
]]>
</failure>
<system-out>
<![CDATA[
[[ATTACHMENT|homepage-cms-performance-H-973df-page-within-acceptable-time-chromium\test-failed-1.png]]

[[ATTACHMENT|homepage-cms-performance-H-973df-page-within-acceptable-time-chromium\video.webm]]

[[ATTACHMENT|homepage-cms-performance-H-973df-page-within-acceptable-time-chromium\error-context.md]]
]]>
</system-out>
</testcase>
<testcase name="Homepage CMS Performance Tests › Page Load Performance › should have fast First Contentful Paint" classname="homepage-cms-performance.spec.ts" time="6.83">
<failure message="homepage-cms-performance.spec.ts:26:9 should have fast First Contentful Paint" type="FAILURE">
<![CDATA[  [chromium] › homepage-cms-performance.spec.ts:26:9 › Homepage CMS Performance Tests › Page Load Performance › should have fast First Contentful Paint 

    Error: expect(locator).toBeVisible() failed

    Locator:  locator('[class*="hero"], [class*="Hero"]').first()
    Expected: visible
    Received: <element(s) not found>
    Timeout:  2000ms

    Call log:
      - Expect "toBeVisible" with timeout 2000ms
      - waiting for locator('[class*="hero"], [class*="Hero"]').first()


      32 |       // Check that hero section loads quickly
      33 |       const heroSection = page.locator('[class*="hero"], [class*="Hero"]').first();
    > 34 |       await expect(heroSection).toBeVisible({ timeout: 2000 });
         |                                 ^
      35 |     });
      36 |
      37 |     test('should display content without layout shift', async ({ page }) => {
        at C:\dev\fullstack\next_laravel\nik_studio_2_19\frontend_next\tests\e2e\homepage-cms-performance.spec.ts:34:33

    attachment #1: screenshot (image/png) ──────────────────────────────────────────────────────────
    ..\..\test-results\homepage-cms-performance-H-d6278-fast-First-Contentful-Paint-chromium\test-failed-1.png
    ────────────────────────────────────────────────────────────────────────────────────────────────

    attachment #2: video (video/webm) ──────────────────────────────────────────────────────────────
    ..\..\test-results\homepage-cms-performance-H-d6278-fast-First-Contentful-Paint-chromium\video.webm
    ────────────────────────────────────────────────────────────────────────────────────────────────

    Error Context: ..\..\test-results\homepage-cms-performance-H-d6278-fast-First-Contentful-Paint-chromium\error-context.md
]]>
</failure>
<system-out>
<![CDATA[
[[ATTACHMENT|homepage-cms-performance-H-d6278-fast-First-Contentful-Paint-chromium\test-failed-1.png]]

[[ATTACHMENT|homepage-cms-performance-H-d6278-fast-First-Contentful-Paint-chromium\video.webm]]

[[ATTACHMENT|homepage-cms-performance-H-d6278-fast-First-Contentful-Paint-chromium\error-context.md]]
]]>
</system-out>
</testcase>
<testcase name="Homepage CMS Performance Tests › Page Load Performance › should display content without layout shift" classname="homepage-cms-performance.spec.ts" time="15.174">
<failure message="homepage-cms-performance.spec.ts:37:9 should display content without layout shift" type="FAILURE">
<![CDATA[  [chromium] › homepage-cms-performance.spec.ts:37:9 › Homepage CMS Performance Tests › Page Load Performance › should display content without layout shift 

    Error: expect(locator).toBeVisible() failed

    Locator:  locator('section').nth(3)
    Expected: visible
    Received: hidden
    Timeout:  10000ms

    Call log:
      - Expect "toBeVisible" with timeout 10000ms
      - waiting for locator('section').nth(3)
        13 × locator resolved to <section class="w-full bg-[#0E1011] flex flex-col mt-[28px] sm:mt-3 ">…</section>
           - unexpected value "hidden"


      49 |       // All sections should be visible without shifts
      50 |       for (let i = 0; i < Math.min(sectionCount, 5); i++) {
    > 51 |         await expect(sections.nth(i)).toBeVisible();
         |                                       ^
      52 |       }
      53 |     });
      54 |   });
        at C:\dev\fullstack\next_laravel\nik_studio_2_19\frontend_next\tests\e2e\homepage-cms-performance.spec.ts:51:39

    attachment #1: screenshot (image/png) ──────────────────────────────────────────────────────────
    ..\..\test-results\homepage-cms-performance-H-239a1-ontent-without-layout-shift-chromium\test-failed-1.png
    ────────────────────────────────────────────────────────────────────────────────────────────────

    attachment #2: video (video/webm) ──────────────────────────────────────────────────────────────
    ..\..\test-results\homepage-cms-performance-H-239a1-ontent-without-layout-shift-chromium\video.webm
    ────────────────────────────────────────────────────────────────────────────────────────────────

    Error Context: ..\..\test-results\homepage-cms-performance-H-239a1-ontent-without-layout-shift-chromium\error-context.md
]]>
</failure>
<system-out>
<![CDATA[
[[ATTACHMENT|homepage-cms-performance-H-239a1-ontent-without-layout-shift-chromium\test-failed-1.png]]

[[ATTACHMENT|homepage-cms-performance-H-239a1-ontent-without-layout-shift-chromium\video.webm]]

[[ATTACHMENT|homepage-cms-performance-H-239a1-ontent-without-layout-shift-chromium\error-context.md]]
]]>
</system-out>
</testcase>
<testcase name="Homepage CMS Performance Tests › ISR Caching Behavior › should serve homepage from ISR cache on second visit" classname="homepage-cms-performance.spec.ts" time="30.245">
<failure message="homepage-cms-performance.spec.ts:57:9 should serve homepage from ISR cache on second visit" type="FAILURE">
<![CDATA[  [chromium] › homepage-cms-performance.spec.ts:57:9 › Homepage CMS Performance Tests › ISR Caching Behavior › should serve homepage from ISR cache on second visit 

    Error: expect(received).toBeLessThan(expected)

    Expected: < 2000
    Received:   24060

      73 |       
      74 |       // Cached load should be fast (under 2 seconds)
    > 75 |       expect(cachedLoadTime).toBeLessThan(2000);
         |                              ^
      76 |       
      77 |       console.log(`Cached homepage load time: ${cachedLoadTime}ms`);
      78 |     });
        at C:\dev\fullstack\next_laravel\nik_studio_2_19\frontend_next\tests\e2e\homepage-cms-performance.spec.ts:75:30

    attachment #1: screenshot (image/png) ──────────────────────────────────────────────────────────
    ..\..\test-results\homepage-cms-performance-H-80841-m-ISR-cache-on-second-visit-chromium\test-failed-1.png
    ────────────────────────────────────────────────────────────────────────────────────────────────

    attachment #2: video (video/webm) ──────────────────────────────────────────────────────────────
    ..\..\test-results\homepage-cms-performance-H-80841-m-ISR-cache-on-second-visit-chromium\video.webm
    ────────────────────────────────────────────────────────────────────────────────────────────────

    Error Context: ..\..\test-results\homepage-cms-performance-H-80841-m-ISR-cache-on-second-visit-chromium\error-context.md
]]>
</failure>
<system-out>
<![CDATA[
[[ATTACHMENT|homepage-cms-performance-H-80841-m-ISR-cache-on-second-visit-chromium\test-failed-1.png]]

[[ATTACHMENT|homepage-cms-performance-H-80841-m-ISR-cache-on-second-visit-chromium\video.webm]]

[[ATTACHMENT|homepage-cms-performance-H-80841-m-ISR-cache-on-second-visit-chromium\error-context.md]]
]]>
</system-out>
</testcase>
<testcase name="Homepage CMS Performance Tests › ISR Caching Behavior › should maintain ISR cache across multiple visits" classname="homepage-cms-performance.spec.ts" time="30.636">
<failure message="homepage-cms-performance.spec.ts:80:9 should maintain ISR cache across multiple visits" type="FAILURE">
<![CDATA[  [chromium] › homepage-cms-performance.spec.ts:80:9 › Homepage CMS Performance Tests › ISR Caching Behavior › should maintain ISR cache across multiple visits 

    Test timeout of 30000ms exceeded.

    Error: page.waitForLoadState: Test timeout of 30000ms exceeded.

      85 |         const startTime = Date.now();
      86 |         await page.goto('/');
    > 87 |         await page.waitForLoadState('networkidle');
         |                    ^
      88 |         const loadTime = Date.now() - startTime;
      89 |         
      90 |         loadTimes.push(loadTime);
        at C:\dev\fullstack\next_laravel\nik_studio_2_19\frontend_next\tests\e2e\homepage-cms-performance.spec.ts:87:20

    attachment #1: screenshot (image/png) ──────────────────────────────────────────────────────────
    ..\..\test-results\homepage-cms-performance-H-9812d-ache-across-multiple-visits-chromium\test-failed-1.png
    ────────────────────────────────────────────────────────────────────────────────────────────────

    attachment #2: video (video/webm) ──────────────────────────────────────────────────────────────
    ..\..\test-results\homepage-cms-performance-H-9812d-ache-across-multiple-visits-chromium\video.webm
    ────────────────────────────────────────────────────────────────────────────────────────────────

    Error Context: ..\..\test-results\homepage-cms-performance-H-9812d-ache-across-multiple-visits-chromium\error-context.md
]]>
</failure>
<system-out>
<![CDATA[
[[ATTACHMENT|homepage-cms-performance-H-9812d-ache-across-multiple-visits-chromium\test-failed-1.png]]

[[ATTACHMENT|homepage-cms-performance-H-9812d-ache-across-multiple-visits-chromium\video.webm]]

[[ATTACHMENT|homepage-cms-performance-H-9812d-ache-across-multiple-visits-chromium\error-context.md]]
]]>
</system-out>
</testcase>
<testcase name="Homepage CMS Performance Tests › ISR Caching Behavior › should have 30-minute revalidation period" classname="homepage-cms-performance.spec.ts" time="4.798">
<system-out>
<![CDATA[Cache-Control: no-store, must-revalidate
X-Nextjs-Cache: [90mundefined[39m
]]>
</system-out>
</testcase>
<testcase name="Homepage CMS Performance Tests › CMS Content Loading › should load all CMS sections without errors" classname="homepage-cms-performance.spec.ts" time="19.599">
<failure message="homepage-cms-performance.spec.ts:131:9 should load all CMS sections without errors" type="FAILURE">
<![CDATA[  [chromium] › homepage-cms-performance.spec.ts:131:9 › Homepage CMS Performance Tests › CMS Content Loading › should load all CMS sections without errors 

    Error: expect(locator).toBeVisible() failed

    Locator:  locator('[class*="hero"], [class*="Hero"]').first()
    Expected: visible
    Received: <element(s) not found>
    Timeout:  3000ms

    Call log:
      - Expect "toBeVisible" with timeout 3000ms
      - waiting for locator('[class*="hero"], [class*="Hero"]').first()


      140 |       
      141 |       // All sections should be visible
    > 142 |       await expect(heroSection).toBeVisible({ timeout: 3000 });
          |                                 ^
      143 |       await expect(mainContentSection).toBeVisible({ timeout: 3000 });
      144 |       
      145 |       // Services and testimonials may be lazy loaded
        at C:\dev\fullstack\next_laravel\nik_studio_2_19\frontend_next\tests\e2e\homepage-cms-performance.spec.ts:142:33

    attachment #1: screenshot (image/png) ──────────────────────────────────────────────────────────
    ..\..\test-results\homepage-cms-performance-H-dc94c-CMS-sections-without-errors-chromium\test-failed-1.png
    ────────────────────────────────────────────────────────────────────────────────────────────────

    attachment #2: video (video/webm) ──────────────────────────────────────────────────────────────
    ..\..\test-results\homepage-cms-performance-H-dc94c-CMS-sections-without-errors-chromium\video.webm
    ────────────────────────────────────────────────────────────────────────────────────────────────

    Error Context: ..\..\test-results\homepage-cms-performance-H-dc94c-CMS-sections-without-errors-chromium\error-context.md
]]>
</failure>
<system-out>
<![CDATA[
[[ATTACHMENT|homepage-cms-performance-H-dc94c-CMS-sections-without-errors-chromium\test-failed-1.png]]

[[ATTACHMENT|homepage-cms-performance-H-dc94c-CMS-sections-without-errors-chromium\video.webm]]

[[ATTACHMENT|homepage-cms-performance-H-dc94c-CMS-sections-without-errors-chromium\error-context.md]]
]]>
</system-out>
</testcase>
<testcase name="Homepage CMS Performance Tests › CMS Content Loading › should load images efficiently" classname="homepage-cms-performance.spec.ts" time="12.83">
<system-out>
<![CDATA[Image 1: src=/images/header/logo_header.svg...
Image 2: src=/images/header/burger.svg...
Image 3: src=/_next/image?url=%2Fimages%2Fhome%2Fhero-image.png...
Image 4: src=/images/home/nik-logo-hero.svg...
Image 5: src=/_next/image?url=http%3A%2F%2Flocalhost%3A8000%2Fs...
]]>
</system-out>
</testcase>
<testcase name="Homepage CMS Performance Tests › CMS Content Loading › should handle fallback content gracefully" classname="homepage-cms-performance.spec.ts" time="31.92">
<failure message="homepage-cms-performance.spec.ts:177:9 should handle fallback content gracefully" type="FAILURE">
<![CDATA[  [chromium] › homepage-cms-performance.spec.ts:177:9 › Homepage CMS Performance Tests › CMS Content Loading › should handle fallback content gracefully 

    Error: expect(locator).toBeVisible() failed

    Locator:  locator('[class*="hero"], [class*="Hero"]').first()
    Expected: visible
    Received: <element(s) not found>
    Timeout:  10000ms

    Call log:
      - Expect "toBeVisible" with timeout 10000ms
      - waiting for locator('[class*="hero"], [class*="Hero"]').first()


      185 |       // Hero section should have content (either from API or fallback)
      186 |       const heroSection = page.locator('[class*="hero"], [class*="Hero"]').first();
    > 187 |       await expect(heroSection).toBeVisible();
          |                                 ^
      188 |       
      189 |       const heroText = await heroSection.textContent();
      190 |       expect(heroText).toBeTruthy();
        at C:\dev\fullstack\next_laravel\nik_studio_2_19\frontend_next\tests\e2e\homepage-cms-performance.spec.ts:187:33

    attachment #1: screenshot (image/png) ──────────────────────────────────────────────────────────
    ..\..\test-results\homepage-cms-performance-H-f9129-fallback-content-gracefully-chromium\test-failed-1.png
    ────────────────────────────────────────────────────────────────────────────────────────────────

    attachment #2: video (video/webm) ──────────────────────────────────────────────────────────────
    ..\..\test-results\homepage-cms-performance-H-f9129-fallback-content-gracefully-chromium\video.webm
    ────────────────────────────────────────────────────────────────────────────────────────────────

    Error Context: ..\..\test-results\homepage-cms-performance-H-f9129-fallback-content-gracefully-chromium\error-context.md
]]>
</failure>
<system-out>
<![CDATA[
[[ATTACHMENT|homepage-cms-performance-H-f9129-fallback-content-gracefully-chromium\test-failed-1.png]]

[[ATTACHMENT|homepage-cms-performance-H-f9129-fallback-content-gracefully-chromium\video.webm]]

[[ATTACHMENT|homepage-cms-performance-H-f9129-fallback-content-gracefully-chromium\error-context.md]]
]]>
</system-out>
</testcase>
<testcase name="Homepage CMS Performance Tests › Performance Metrics › should have acceptable Time to Interactive" classname="homepage-cms-performance.spec.ts" time="23.103">
<failure message="homepage-cms-performance.spec.ts:196:9 should have acceptable Time to Interactive" type="FAILURE">
<![CDATA[  [chromium] › homepage-cms-performance.spec.ts:196:9 › Homepage CMS Performance Tests › Performance Metrics › should have acceptable Time to Interactive 

    Error: expect(received).toBeLessThan(expected)

    Expected: < 2000
    Received:   19441

      207 |       
      208 |       // DOM should load quickly
    > 209 |       expect(domLoadTime).toBeLessThan(2000);
          |                           ^
      210 |       
      211 |       // Page should be interactive quickly
      212 |       expect(interactiveTime).toBeLessThan(3000);
        at C:\dev\fullstack\next_laravel\nik_studio_2_19\frontend_next\tests\e2e\homepage-cms-performance.spec.ts:209:27

    attachment #1: screenshot (image/png) ──────────────────────────────────────────────────────────
    ..\..\test-results\homepage-cms-performance-H-72a16-eptable-Time-to-Interactive-chromium\test-failed-1.png
    ────────────────────────────────────────────────────────────────────────────────────────────────

    attachment #2: video (video/webm) ──────────────────────────────────────────────────────────────
    ..\..\test-results\homepage-cms-performance-H-72a16-eptable-Time-to-Interactive-chromium\video.webm
    ────────────────────────────────────────────────────────────────────────────────────────────────

    Error Context: ..\..\test-results\homepage-cms-performance-H-72a16-eptable-Time-to-Interactive-chromium\error-context.md
]]>
</failure>
<system-out>
<![CDATA[
[[ATTACHMENT|homepage-cms-performance-H-72a16-eptable-Time-to-Interactive-chromium\test-failed-1.png]]

[[ATTACHMENT|homepage-cms-performance-H-72a16-eptable-Time-to-Interactive-chromium\video.webm]]

[[ATTACHMENT|homepage-cms-performance-H-72a16-eptable-Time-to-Interactive-chromium\error-context.md]]
]]>
</system-out>
</testcase>
<testcase name="Homepage CMS Performance Tests › Performance Metrics › should maintain performance with client-side interactions" classname="homepage-cms-performance.spec.ts" time="16.478">
</testcase>
<testcase name="Homepage CMS Performance Tests › Performance Metrics › should load without blocking resources" classname="homepage-cms-performance.spec.ts" time="11.303">
<system-out>
<![CDATA[Blocking resources loaded: 10
]]>
</system-out>
</testcase>
<testcase name="Homepage CMS Performance Tests › Resource Optimization › should use optimized images" classname="homepage-cms-performance.spec.ts" time="2.764">
<system-out>
<![CDATA[Image loading strategy: null
]]>
</system-out>
</testcase>
<testcase name="Homepage CMS Performance Tests › Resource Optimization › should lazy load below-the-fold content" classname="homepage-cms-performance.spec.ts" time="3.41">
<failure message="homepage-cms-performance.spec.ts:287:9 should lazy load below-the-fold content" type="FAILURE">
<![CDATA[  [chromium] › homepage-cms-performance.spec.ts:287:9 › Homepage CMS Performance Tests › Resource Optimization › should lazy load below-the-fold content 

    Error: expect(locator).toBeVisible() failed

    Locator:  locator('[class*="hero"], [class*="Hero"]').first()
    Expected: visible
    Received: <element(s) not found>
    Timeout:  1000ms

    Call log:
      - Expect "toBeVisible" with timeout 1000ms
      - waiting for locator('[class*="hero"], [class*="Hero"]').first()


      293 |       // Check that hero is visible immediately
      294 |       const heroSection = page.locator('[class*="hero"], [class*="Hero"]').first();
    > 295 |       await expect(heroSection).toBeVisible({ timeout: 1000 });
          |                                 ^
      296 |       
      297 |       // Scroll to trigger lazy loading
      298 |       await page.evaluate(() => window.scrollTo(0, document.body.scrollHeight / 2));
        at C:\dev\fullstack\next_laravel\nik_studio_2_19\frontend_next\tests\e2e\homepage-cms-performance.spec.ts:295:33

    attachment #1: screenshot (image/png) ──────────────────────────────────────────────────────────
    ..\..\test-results\homepage-cms-performance-H-590ec-load-below-the-fold-content-chromium\test-failed-1.png
    ────────────────────────────────────────────────────────────────────────────────────────────────

    attachment #2: video (video/webm) ──────────────────────────────────────────────────────────────
    ..\..\test-results\homepage-cms-performance-H-590ec-load-below-the-fold-content-chromium\video.webm
    ────────────────────────────────────────────────────────────────────────────────────────────────

    Error Context: ..\..\test-results\homepage-cms-performance-H-590ec-load-below-the-fold-content-chromium\error-context.md
]]>
</failure>
<system-out>
<![CDATA[
[[ATTACHMENT|homepage-cms-performance-H-590ec-load-below-the-fold-content-chromium\test-failed-1.png]]

[[ATTACHMENT|homepage-cms-performance-H-590ec-load-below-the-fold-content-chromium\video.webm]]

[[ATTACHMENT|homepage-cms-performance-H-590ec-load-below-the-fold-content-chromium\error-context.md]]
]]>
</system-out>
</testcase>
<testcase name="Homepage CMS Performance Tests › Resource Optimization › should minimize JavaScript bundle size impact" classname="homepage-cms-performance.spec.ts" time="31.454">
<system-out>
<![CDATA[JavaScript files loaded: 8
]]>
</system-out>
</testcase>
<testcase name="Homepage CMS Performance Tests › API Performance › should handle API requests efficiently" classname="homepage-cms-performance.spec.ts" time="3.768">
<failure message="homepage-cms-performance.spec.ts:325:9 should handle API requests efficiently" type="FAILURE">
<![CDATA[  [chromium] › homepage-cms-performance.spec.ts:325:9 › Homepage CMS Performance Tests › API Performance › should handle API requests efficiently 

    TypeError: response.timing is not a function

      328 |       page.on('response', async response => {
      329 |         if (response.url().includes('/api/')) {
    > 330 |           const timing = response.timing();
          |                                   ^
      331 |           apiRequests.push({
      332 |             url: response.url(),
      333 |             time: timing.responseEnd
        at Page.<anonymous> (C:\dev\fullstack\next_laravel\nik_studio_2_19\frontend_next\tests\e2e\homepage-cms-performance.spec.ts:330:35)

    Error: page.goto: Test ended.
    Call log:
      - navigating to "http://localhost:3000/", waiting until "load"


      336 |       });
      337 |       
    > 338 |       await page.goto('/');
          |                  ^
      339 |       await page.waitForLoadState('networkidle');
      340 |       
      341 |       // Log API requests
        at C:\dev\fullstack\next_laravel\nik_studio_2_19\frontend_next\tests\e2e\homepage-cms-performance.spec.ts:338:18

    attachment #1: screenshot (image/png) ──────────────────────────────────────────────────────────
    ..\..\test-results\homepage-cms-performance-H-3de7f-le-API-requests-efficiently-chromium\test-failed-1.png
    ────────────────────────────────────────────────────────────────────────────────────────────────

    attachment #2: video (video/webm) ──────────────────────────────────────────────────────────────
    ..\..\test-results\homepage-cms-performance-H-3de7f-le-API-requests-efficiently-chromium\video.webm
    ────────────────────────────────────────────────────────────────────────────────────────────────

    Error Context: ..\..\test-results\homepage-cms-performance-H-3de7f-le-API-requests-efficiently-chromium\error-context.md
]]>
</failure>
<system-out>
<![CDATA[
[[ATTACHMENT|homepage-cms-performance-H-3de7f-le-API-requests-efficiently-chromium\test-failed-1.png]]

[[ATTACHMENT|homepage-cms-performance-H-3de7f-le-API-requests-efficiently-chromium\video.webm]]

[[ATTACHMENT|homepage-cms-performance-H-3de7f-le-API-requests-efficiently-chromium\error-context.md]]
]]>
</system-out>
</testcase>
<testcase name="Homepage CMS Performance Tests › API Performance › should not block rendering on API calls" classname="homepage-cms-performance.spec.ts" time="10.968">
<failure message="homepage-cms-performance.spec.ts:351:9 should not block rendering on API calls" type="FAILURE">
<![CDATA[  [chromium] › homepage-cms-performance.spec.ts:351:9 › Homepage CMS Performance Tests › API Performance › should not block rendering on API calls 

    Error: expect(received).toBeLessThan(expected)

    Expected: < 1500
    Received:   9489

      359 |       
      360 |       // First paint should be fast (not blocked by API)
    > 361 |       expect(firstPaintTime).toBeLessThan(1500);
          |                              ^
      362 |       
      363 |       console.log(`First paint time: ${firstPaintTime}ms`);
      364 |     });
        at C:\dev\fullstack\next_laravel\nik_studio_2_19\frontend_next\tests\e2e\homepage-cms-performance.spec.ts:361:30

    attachment #1: screenshot (image/png) ──────────────────────────────────────────────────────────
    ..\..\test-results\homepage-cms-performance-H-92f82-lock-rendering-on-API-calls-chromium\test-failed-1.png
    ────────────────────────────────────────────────────────────────────────────────────────────────

    attachment #2: video (video/webm) ──────────────────────────────────────────────────────────────
    ..\..\test-results\homepage-cms-performance-H-92f82-lock-rendering-on-API-calls-chromium\video.webm
    ────────────────────────────────────────────────────────────────────────────────────────────────

    Error Context: ..\..\test-results\homepage-cms-performance-H-92f82-lock-rendering-on-API-calls-chromium\error-context.md
]]>
</failure>
<system-out>
<![CDATA[
[[ATTACHMENT|homepage-cms-performance-H-92f82-lock-rendering-on-API-calls-chromium\test-failed-1.png]]

[[ATTACHMENT|homepage-cms-performance-H-92f82-lock-rendering-on-API-calls-chromium\video.webm]]

[[ATTACHMENT|homepage-cms-performance-H-92f82-lock-rendering-on-API-calls-chromium\error-context.md]]
]]>
</system-out>
</testcase>
<testcase name="Homepage CMS Performance Tests › Lighthouse Score Verification › should maintain acceptable performance score" classname="homepage-cms-performance.spec.ts" time="23.709">
<system-out>
<![CDATA[Images loaded: 43
Sections rendered: 5
]]>
</system-out>
</testcase>
<testcase name="Homepage CMS Performance Tests › Lighthouse Score Verification › should have good SEO structure" classname="homepage-cms-performance.spec.ts" time="17.439">
<system-out>
<![CDATA[Page title: Nik Studio
Meta description: Комплексные решения для промышленных компаний / по...
H1 headings: 1
]]>
</system-out>
</testcase>
<testcase name="Homepage CMS Performance Tests › Lighthouse Score Verification › should maintain accessibility standards" classname="homepage-cms-performance.spec.ts" time="10.083">
<system-out>
<![CDATA[Images with alt text: 10/10
Total headings: 63
]]>
</system-out>
</testcase>
<testcase name="Homepage CMS Performance Tests › Stress Testing › should handle rapid navigation" classname="homepage-cms-performance.spec.ts" time="30.43">
<failure message="homepage-cms-performance.spec.ts:441:9 should handle rapid navigation" type="FAILURE">
<![CDATA[  [chromium] › homepage-cms-performance.spec.ts:441:9 › Homepage CMS Performance Tests › Stress Testing › should handle rapid navigation 

    Test timeout of 30000ms exceeded.

    Error: page.goto: Test timeout of 30000ms exceeded.
    Call log:
      - navigating to "http://localhost:3000/", waiting until "load"


      450 |       
      451 |       // Final load should still work
    > 452 |       await page.goto('/');
          |                  ^
      453 |       await page.waitForLoadState('networkidle');
      454 |       await expect(page.locator('body')).toBeVisible();
      455 |     });
        at C:\dev\fullstack\next_laravel\nik_studio_2_19\frontend_next\tests\e2e\homepage-cms-performance.spec.ts:452:18

    attachment #1: screenshot (image/png) ──────────────────────────────────────────────────────────
    ..\..\test-results\homepage-cms-performance-H-1ab0d-uld-handle-rapid-navigation-chromium\test-failed-1.png
    ────────────────────────────────────────────────────────────────────────────────────────────────

    attachment #2: video (video/webm) ──────────────────────────────────────────────────────────────
    ..\..\test-results\homepage-cms-performance-H-1ab0d-uld-handle-rapid-navigation-chromium\video.webm
    ────────────────────────────────────────────────────────────────────────────────────────────────

    Error Context: ..\..\test-results\homepage-cms-performance-H-1ab0d-uld-handle-rapid-navigation-chromium\error-context.md
]]>
</failure>
<system-out>
<![CDATA[
[[ATTACHMENT|homepage-cms-performance-H-1ab0d-uld-handle-rapid-navigation-chromium\test-failed-1.png]]

[[ATTACHMENT|homepage-cms-performance-H-1ab0d-uld-handle-rapid-navigation-chromium\video.webm]]

[[ATTACHMENT|homepage-cms-performance-H-1ab0d-uld-handle-rapid-navigation-chromium\error-context.md]]
]]>
</system-out>
</testcase>
<testcase name="Homepage CMS Performance Tests › Stress Testing › should maintain performance under scroll stress" classname="homepage-cms-performance.spec.ts" time="4.153">
</testcase>
</testsuite>
<testsuite name="homepage-cms-performance.spec.ts" timestamp="2025-10-05T18:09:09.268Z" hostname="firefox" tests="22" failures="22" skipped="0" time="0.4" errors="0">
<testcase name="Homepage CMS Performance Tests › Page Load Performance › should load homepage within acceptable time" classname="homepage-cms-performance.spec.ts" time="0.013">
<failure message="homepage-cms-performance.spec.ts:12:9 should load homepage within acceptable time" type="FAILURE">
<![CDATA[  [firefox] › homepage-cms-performance.spec.ts:12:9 › Homepage CMS Performance Tests › Page Load Performance › should load homepage within acceptable time 

    Error: browserType.launch: Executable doesn't exist at C:\Users\illif\AppData\Local\ms-playwright\firefox-1490\firefox\firefox.exe
    ╔═════════════════════════════════════════════════════════════════════════╗
    ║ Looks like Playwright Test or Playwright was just installed or updated. ║
    ║ Please run the following command to download new browsers:              ║
    ║                                                                         ║
    ║     npx playwright install                                              ║
    ║                                                                         ║
    ║ <3 Playwright Team                                                      ║
    ╚═════════════════════════════════════════════════════════════════════════╝
]]>
</failure>
</testcase>
<testcase name="Homepage CMS Performance Tests › Page Load Performance › should have fast First Contentful Paint" classname="homepage-cms-performance.spec.ts" time="0.018">
<failure message="homepage-cms-performance.spec.ts:26:9 should have fast First Contentful Paint" type="FAILURE">
<![CDATA[  [firefox] › homepage-cms-performance.spec.ts:26:9 › Homepage CMS Performance Tests › Page Load Performance › should have fast First Contentful Paint 

    Error: browserType.launch: Executable doesn't exist at C:\Users\illif\AppData\Local\ms-playwright\firefox-1490\firefox\firefox.exe
    ╔═════════════════════════════════════════════════════════════════════════╗
    ║ Looks like Playwright Test or Playwright was just installed or updated. ║
    ║ Please run the following command to download new browsers:              ║
    ║                                                                         ║
    ║     npx playwright install                                              ║
    ║                                                                         ║
    ║ <3 Playwright Team                                                      ║
    ╚═════════════════════════════════════════════════════════════════════════╝
]]>
</failure>
</testcase>
<testcase name="Homepage CMS Performance Tests › Page Load Performance › should display content without layout shift" classname="homepage-cms-performance.spec.ts" time="0.018">
<failure message="homepage-cms-performance.spec.ts:37:9 should display content without layout shift" type="FAILURE">
<![CDATA[  [firefox] › homepage-cms-performance.spec.ts:37:9 › Homepage CMS Performance Tests › Page Load Performance › should display content without layout shift 

    Error: browserType.launch: Executable doesn't exist at C:\Users\illif\AppData\Local\ms-playwright\firefox-1490\firefox\firefox.exe
    ╔═════════════════════════════════════════════════════════════════════════╗
    ║ Looks like Playwright Test or Playwright was just installed or updated. ║
    ║ Please run the following command to download new browsers:              ║
    ║                                                                         ║
    ║     npx playwright install                                              ║
    ║                                                                         ║
    ║ <3 Playwright Team                                                      ║
    ╚═════════════════════════════════════════════════════════════════════════╝
]]>
</failure>
</testcase>
<testcase name="Homepage CMS Performance Tests › ISR Caching Behavior › should serve homepage from ISR cache on second visit" classname="homepage-cms-performance.spec.ts" time="0.018">
<failure message="homepage-cms-performance.spec.ts:57:9 should serve homepage from ISR cache on second visit" type="FAILURE">
<![CDATA[  [firefox] › homepage-cms-performance.spec.ts:57:9 › Homepage CMS Performance Tests › ISR Caching Behavior › should serve homepage from ISR cache on second visit 

    Error: browserType.launch: Executable doesn't exist at C:\Users\illif\AppData\Local\ms-playwright\firefox-1490\firefox\firefox.exe
    ╔═════════════════════════════════════════════════════════════════════════╗
    ║ Looks like Playwright Test or Playwright was just installed or updated. ║
    ║ Please run the following command to download new browsers:              ║
    ║                                                                         ║
    ║     npx playwright install                                              ║
    ║                                                                         ║
    ║ <3 Playwright Team                                                      ║
    ╚═════════════════════════════════════════════════════════════════════════╝
]]>
</failure>
</testcase>
<testcase name="Homepage CMS Performance Tests › ISR Caching Behavior › should maintain ISR cache across multiple visits" classname="homepage-cms-performance.spec.ts" time="0.013">
<failure message="homepage-cms-performance.spec.ts:80:9 should maintain ISR cache across multiple visits" type="FAILURE">
<![CDATA[  [firefox] › homepage-cms-performance.spec.ts:80:9 › Homepage CMS Performance Tests › ISR Caching Behavior › should maintain ISR cache across multiple visits 

    Error: browserType.launch: Executable doesn't exist at C:\Users\illif\AppData\Local\ms-playwright\firefox-1490\firefox\firefox.exe
    ╔═════════════════════════════════════════════════════════════════════════╗
    ║ Looks like Playwright Test or Playwright was just installed or updated. ║
    ║ Please run the following command to download new browsers:              ║
    ║                                                                         ║
    ║     npx playwright install                                              ║
    ║                                                                         ║
    ║ <3 Playwright Team                                                      ║
    ╚═════════════════════════════════════════════════════════════════════════╝
]]>
</failure>
</testcase>
<testcase name="Homepage CMS Performance Tests › ISR Caching Behavior › should have 30-minute revalidation period" classname="homepage-cms-performance.spec.ts" time="0.016">
<failure message="homepage-cms-performance.spec.ts:106:9 should have 30-minute revalidation period" type="FAILURE">
<![CDATA[  [firefox] › homepage-cms-performance.spec.ts:106:9 › Homepage CMS Performance Tests › ISR Caching Behavior › should have 30-minute revalidation period 

    Error: browserType.launch: Executable doesn't exist at C:\Users\illif\AppData\Local\ms-playwright\firefox-1490\firefox\firefox.exe
    ╔═════════════════════════════════════════════════════════════════════════╗
    ║ Looks like Playwright Test or Playwright was just installed or updated. ║
    ║ Please run the following command to download new browsers:              ║
    ║                                                                         ║
    ║     npx playwright install                                              ║
    ║                                                                         ║
    ║ <3 Playwright Team                                                      ║
    ╚═════════════════════════════════════════════════════════════════════════╝
]]>
</failure>
</testcase>
<testcase name="Homepage CMS Performance Tests › CMS Content Loading › should load all CMS sections without errors" classname="homepage-cms-performance.spec.ts" time="0.014">
<failure message="homepage-cms-performance.spec.ts:131:9 should load all CMS sections without errors" type="FAILURE">
<![CDATA[  [firefox] › homepage-cms-performance.spec.ts:131:9 › Homepage CMS Performance Tests › CMS Content Loading › should load all CMS sections without errors 

    Error: browserType.launch: Executable doesn't exist at C:\Users\illif\AppData\Local\ms-playwright\firefox-1490\firefox\firefox.exe
    ╔═════════════════════════════════════════════════════════════════════════╗
    ║ Looks like Playwright Test or Playwright was just installed or updated. ║
    ║ Please run the following command to download new browsers:              ║
    ║                                                                         ║
    ║     npx playwright install                                              ║
    ║                                                                         ║
    ║ <3 Playwright Team                                                      ║
    ╚═════════════════════════════════════════════════════════════════════════╝
]]>
</failure>
</testcase>
<testcase name="Homepage CMS Performance Tests › CMS Content Loading › should load images efficiently" classname="homepage-cms-performance.spec.ts" time="0.016">
<failure message="homepage-cms-performance.spec.ts:153:9 should load images efficiently" type="FAILURE">
<![CDATA[  [firefox] › homepage-cms-performance.spec.ts:153:9 › Homepage CMS Performance Tests › CMS Content Loading › should load images efficiently 

    Error: browserType.launch: Executable doesn't exist at C:\Users\illif\AppData\Local\ms-playwright\firefox-1490\firefox\firefox.exe
    ╔═════════════════════════════════════════════════════════════════════════╗
    ║ Looks like Playwright Test or Playwright was just installed or updated. ║
    ║ Please run the following command to download new browsers:              ║
    ║                                                                         ║
    ║     npx playwright install                                              ║
    ║                                                                         ║
    ║ <3 Playwright Team                                                      ║
    ╚═════════════════════════════════════════════════════════════════════════╝
]]>
</failure>
</testcase>
<testcase name="Homepage CMS Performance Tests › CMS Content Loading › should handle fallback content gracefully" classname="homepage-cms-performance.spec.ts" time="0.02">
<failure message="homepage-cms-performance.spec.ts:177:9 should handle fallback content gracefully" type="FAILURE">
<![CDATA[  [firefox] › homepage-cms-performance.spec.ts:177:9 › Homepage CMS Performance Tests › CMS Content Loading › should handle fallback content gracefully 

    Error: browserType.launch: Executable doesn't exist at C:\Users\illif\AppData\Local\ms-playwright\firefox-1490\firefox\firefox.exe
    ╔═════════════════════════════════════════════════════════════════════════╗
    ║ Looks like Playwright Test or Playwright was just installed or updated. ║
    ║ Please run the following command to download new browsers:              ║
    ║                                                                         ║
    ║     npx playwright install                                              ║
    ║                                                                         ║
    ║ <3 Playwright Team                                                      ║
    ╚═════════════════════════════════════════════════════════════════════════╝
]]>
</failure>
</testcase>
<testcase name="Homepage CMS Performance Tests › Performance Metrics › should have acceptable Time to Interactive" classname="homepage-cms-performance.spec.ts" time="0.022">
<failure message="homepage-cms-performance.spec.ts:196:9 should have acceptable Time to Interactive" type="FAILURE">
<![CDATA[  [firefox] › homepage-cms-performance.spec.ts:196:9 › Homepage CMS Performance Tests › Performance Metrics › should have acceptable Time to Interactive 

    Error: browserType.launch: Executable doesn't exist at C:\Users\illif\AppData\Local\ms-playwright\firefox-1490\firefox\firefox.exe
    ╔═════════════════════════════════════════════════════════════════════════╗
    ║ Looks like Playwright Test or Playwright was just installed or updated. ║
    ║ Please run the following command to download new browsers:              ║
    ║                                                                         ║
    ║     npx playwright install                                              ║
    ║                                                                         ║
    ║ <3 Playwright Team                                                      ║
    ╚═════════════════════════════════════════════════════════════════════════╝
]]>
</failure>
</testcase>
<testcase name="Homepage CMS Performance Tests › Performance Metrics › should maintain performance with client-side interactions" classname="homepage-cms-performance.spec.ts" time="0.039">
<failure message="homepage-cms-performance.spec.ts:218:9 should maintain performance with client-side interactions" type="FAILURE">
<![CDATA[  [firefox] › homepage-cms-performance.spec.ts:218:9 › Homepage CMS Performance Tests › Performance Metrics › should maintain performance with client-side interactions 

    Error: browserType.launch: Executable doesn't exist at C:\Users\illif\AppData\Local\ms-playwright\firefox-1490\firefox\firefox.exe
    ╔═════════════════════════════════════════════════════════════════════════╗
    ║ Looks like Playwright Test or Playwright was just installed or updated. ║
    ║ Please run the following command to download new browsers:              ║
    ║                                                                         ║
    ║     npx playwright install                                              ║
    ║                                                                         ║
    ║ <3 Playwright Team                                                      ║
    ╚═════════════════════════════════════════════════════════════════════════╝
]]>
</failure>
</testcase>
<testcase name="Homepage CMS Performance Tests › Performance Metrics › should load without blocking resources" classname="homepage-cms-performance.spec.ts" time="0.012">
<failure message="homepage-cms-performance.spec.ts:243:9 should load without blocking resources" type="FAILURE">
<![CDATA[  [firefox] › homepage-cms-performance.spec.ts:243:9 › Homepage CMS Performance Tests › Performance Metrics › should load without blocking resources 

    Error: browserType.launch: Executable doesn't exist at C:\Users\illif\AppData\Local\ms-playwright\firefox-1490\firefox\firefox.exe
    ╔═════════════════════════════════════════════════════════════════════════╗
    ║ Looks like Playwright Test or Playwright was just installed or updated. ║
    ║ Please run the following command to download new browsers:              ║
    ║                                                                         ║
    ║     npx playwright install                                              ║
    ║                                                                         ║
    ║ <3 Playwright Team                                                      ║
    ╚═════════════════════════════════════════════════════════════════════════╝
]]>
</failure>
</testcase>
<testcase name="Homepage CMS Performance Tests › Resource Optimization › should use optimized images" classname="homepage-cms-performance.spec.ts" time="0.013">
<failure message="homepage-cms-performance.spec.ts:266:9 should use optimized images" type="FAILURE">
<![CDATA[  [firefox] › homepage-cms-performance.spec.ts:266:9 › Homepage CMS Performance Tests › Resource Optimization › should use optimized images 

    Error: browserType.launch: Executable doesn't exist at C:\Users\illif\AppData\Local\ms-playwright\firefox-1490\firefox\firefox.exe
    ╔═════════════════════════════════════════════════════════════════════════╗
    ║ Looks like Playwright Test or Playwright was just installed or updated. ║
    ║ Please run the following command to download new browsers:              ║
    ║                                                                         ║
    ║     npx playwright install                                              ║
    ║                                                                         ║
    ║ <3 Playwright Team                                                      ║
    ╚═════════════════════════════════════════════════════════════════════════╝
]]>
</failure>
</testcase>
<testcase name="Homepage CMS Performance Tests › Resource Optimization › should lazy load below-the-fold content" classname="homepage-cms-performance.spec.ts" time="0.015">
<failure message="homepage-cms-performance.spec.ts:287:9 should lazy load below-the-fold content" type="FAILURE">
<![CDATA[  [firefox] › homepage-cms-performance.spec.ts:287:9 › Homepage CMS Performance Tests › Resource Optimization › should lazy load below-the-fold content 

    Error: browserType.launch: Executable doesn't exist at C:\Users\illif\AppData\Local\ms-playwright\firefox-1490\firefox\firefox.exe
    ╔═════════════════════════════════════════════════════════════════════════╗
    ║ Looks like Playwright Test or Playwright was just installed or updated. ║
    ║ Please run the following command to download new browsers:              ║
    ║                                                                         ║
    ║     npx playwright install                                              ║
    ║                                                                         ║
    ║ <3 Playwright Team                                                      ║
    ╚═════════════════════════════════════════════════════════════════════════╝
]]>
</failure>
</testcase>
<testcase name="Homepage CMS Performance Tests › Resource Optimization › should minimize JavaScript bundle size impact" classname="homepage-cms-performance.spec.ts" time="0.016">
<failure message="homepage-cms-performance.spec.ts:305:9 should minimize JavaScript bundle size impact" type="FAILURE">
<![CDATA[  [firefox] › homepage-cms-performance.spec.ts:305:9 › Homepage CMS Performance Tests › Resource Optimization › should minimize JavaScript bundle size impact 

    Error: browserType.launch: Executable doesn't exist at C:\Users\illif\AppData\Local\ms-playwright\firefox-1490\firefox\firefox.exe
    ╔═════════════════════════════════════════════════════════════════════════╗
    ║ Looks like Playwright Test or Playwright was just installed or updated. ║
    ║ Please run the following command to download new browsers:              ║
    ║                                                                         ║
    ║     npx playwright install                                              ║
    ║                                                                         ║
    ║ <3 Playwright Team                                                      ║
    ╚═════════════════════════════════════════════════════════════════════════╝
]]>
</failure>
</testcase>
<testcase name="Homepage CMS Performance Tests › API Performance › should handle API requests efficiently" classname="homepage-cms-performance.spec.ts" time="0.018">
<failure message="homepage-cms-performance.spec.ts:325:9 should handle API requests efficiently" type="FAILURE">
<![CDATA[  [firefox] › homepage-cms-performance.spec.ts:325:9 › Homepage CMS Performance Tests › API Performance › should handle API requests efficiently 

    Error: browserType.launch: Executable doesn't exist at C:\Users\illif\AppData\Local\ms-playwright\firefox-1490\firefox\firefox.exe
    ╔═════════════════════════════════════════════════════════════════════════╗
    ║ Looks like Playwright Test or Playwright was just installed or updated. ║
    ║ Please run the following command to download new browsers:              ║
    ║                                                                         ║
    ║     npx playwright install                                              ║
    ║                                                                         ║
    ║ <3 Playwright Team                                                      ║
    ╚═════════════════════════════════════════════════════════════════════════╝
]]>
</failure>
</testcase>
<testcase name="Homepage CMS Performance Tests › API Performance › should not block rendering on API calls" classname="homepage-cms-performance.spec.ts" time="0.026">
<failure message="homepage-cms-performance.spec.ts:351:9 should not block rendering on API calls" type="FAILURE">
<![CDATA[  [firefox] › homepage-cms-performance.spec.ts:351:9 › Homepage CMS Performance Tests › API Performance › should not block rendering on API calls 

    Error: browserType.launch: Executable doesn't exist at C:\Users\illif\AppData\Local\ms-playwright\firefox-1490\firefox\firefox.exe
    ╔═════════════════════════════════════════════════════════════════════════╗
    ║ Looks like Playwright Test or Playwright was just installed or updated. ║
    ║ Please run the following command to download new browsers:              ║
    ║                                                                         ║
    ║     npx playwright install                                              ║
    ║                                                                         ║
    ║ <3 Playwright Team                                                      ║
    ╚═════════════════════════════════════════════════════════════════════════╝
]]>
</failure>
</testcase>
<testcase name="Homepage CMS Performance Tests › Lighthouse Score Verification › should maintain acceptable performance score" classname="homepage-cms-performance.spec.ts" time="0.022">
<failure message="homepage-cms-performance.spec.ts:368:9 should maintain acceptable performance score" type="FAILURE">
<![CDATA[  [firefox] › homepage-cms-performance.spec.ts:368:9 › Homepage CMS Performance Tests › Lighthouse Score Verification › should maintain acceptable performance score 

    Error: browserType.launch: Executable doesn't exist at C:\Users\illif\AppData\Local\ms-playwright\firefox-1490\firefox\firefox.exe
    ╔═════════════════════════════════════════════════════════════════════════╗
    ║ Looks like Playwright Test or Playwright was just installed or updated. ║
    ║ Please run the following command to download new browsers:              ║
    ║                                                                         ║
    ║     npx playwright install                                              ║
    ║                                                                         ║
    ║ <3 Playwright Team                                                      ║
    ╚═════════════════════════════════════════════════════════════════════════╝
]]>
</failure>
</testcase>
<testcase name="Homepage CMS Performance Tests › Lighthouse Score Verification › should have good SEO structure" classname="homepage-cms-performance.spec.ts" time="0.018">
<failure message="homepage-cms-performance.spec.ts:390:9 should have good SEO structure" type="FAILURE">
<![CDATA[  [firefox] › homepage-cms-performance.spec.ts:390:9 › Homepage CMS Performance Tests › Lighthouse Score Verification › should have good SEO structure 

    Error: browserType.launch: Executable doesn't exist at C:\Users\illif\AppData\Local\ms-playwright\firefox-1490\firefox\firefox.exe
    ╔═════════════════════════════════════════════════════════════════════════╗
    ║ Looks like Playwright Test or Playwright was just installed or updated. ║
    ║ Please run the following command to download new browsers:              ║
    ║                                                                         ║
    ║     npx playwright install                                              ║
    ║                                                                         ║
    ║ <3 Playwright Team                                                      ║
    ╚═════════════════════════════════════════════════════════════════════════╝
]]>
</failure>
</testcase>
<testcase name="Homepage CMS Performance Tests › Lighthouse Score Verification › should maintain accessibility standards" classname="homepage-cms-performance.spec.ts" time="0.019">
<failure message="homepage-cms-performance.spec.ts:413:9 should maintain accessibility standards" type="FAILURE">
<![CDATA[  [firefox] › homepage-cms-performance.spec.ts:413:9 › Homepage CMS Performance Tests › Lighthouse Score Verification › should maintain accessibility standards 

    Error: browserType.launch: Executable doesn't exist at C:\Users\illif\AppData\Local\ms-playwright\firefox-1490\firefox\firefox.exe
    ╔═════════════════════════════════════════════════════════════════════════╗
    ║ Looks like Playwright Test or Playwright was just installed or updated. ║
    ║ Please run the following command to download new browsers:              ║
    ║                                                                         ║
    ║     npx playwright install                                              ║
    ║                                                                         ║
    ║ <3 Playwright Team                                                      ║
    ╚═════════════════════════════════════════════════════════════════════════╝
]]>
</failure>
</testcase>
<testcase name="Homepage CMS Performance Tests › Stress Testing › should handle rapid navigation" classname="homepage-cms-performance.spec.ts" time="0.019">
<failure message="homepage-cms-performance.spec.ts:441:9 should handle rapid navigation" type="FAILURE">
<![CDATA[  [firefox] › homepage-cms-performance.spec.ts:441:9 › Homepage CMS Performance Tests › Stress Testing › should handle rapid navigation 

    Error: browserType.launch: Executable doesn't exist at C:\Users\illif\AppData\Local\ms-playwright\firefox-1490\firefox\firefox.exe
    ╔═════════════════════════════════════════════════════════════════════════╗
    ║ Looks like Playwright Test or Playwright was just installed or updated. ║
    ║ Please run the following command to download new browsers:              ║
    ║                                                                         ║
    ║     npx playwright install                                              ║
    ║                                                                         ║
    ║ <3 Playwright Team                                                      ║
    ╚═════════════════════════════════════════════════════════════════════════╝
]]>
</failure>
</testcase>
<testcase name="Homepage CMS Performance Tests › Stress Testing › should maintain performance under scroll stress" classname="homepage-cms-performance.spec.ts" time="0.015">
<failure message="homepage-cms-performance.spec.ts:457:9 should maintain performance under scroll stress" type="FAILURE">
<![CDATA[  [firefox] › homepage-cms-performance.spec.ts:457:9 › Homepage CMS Performance Tests › Stress Testing › should maintain performance under scroll stress 

    Error: browserType.launch: Executable doesn't exist at C:\Users\illif\AppData\Local\ms-playwright\firefox-1490\firefox\firefox.exe
    ╔═════════════════════════════════════════════════════════════════════════╗
    ║ Looks like Playwright Test or Playwright was just installed or updated. ║
    ║ Please run the following command to download new browsers:              ║
    ║                                                                         ║
    ║     npx playwright install                                              ║
    ║                                                                         ║
    ║ <3 Playwright Team                                                      ║
    ╚═════════════════════════════════════════════════════════════════════════╝
]]>
</failure>
</testcase>
</testsuite>
<testsuite name="homepage-cms-performance.spec.ts" timestamp="2025-10-05T18:09:09.268Z" hostname="webkit" tests="22" failures="22" skipped="0" time="0.377" errors="0">
<testcase name="Homepage CMS Performance Tests › Page Load Performance › should load homepage within acceptable time" classname="homepage-cms-performance.spec.ts" time="0.016">
<failure message="homepage-cms-performance.spec.ts:12:9 should load homepage within acceptable time" type="FAILURE">
<![CDATA[  [webkit] › homepage-cms-performance.spec.ts:12:9 › Homepage CMS Performance Tests › Page Load Performance › should load homepage within acceptable time 

    Error: browserType.launch: Executable doesn't exist at C:\Users\illif\AppData\Local\ms-playwright\webkit-2203\Playwright.exe
    ╔═════════════════════════════════════════════════════════════════════════╗
    ║ Looks like Playwright Test or Playwright was just installed or updated. ║
    ║ Please run the following command to download new browsers:              ║
    ║                                                                         ║
    ║     npx playwright install                                              ║
    ║                                                                         ║
    ║ <3 Playwright Team                                                      ║
    ╚═════════════════════════════════════════════════════════════════════════╝
]]>
</failure>
</testcase>
<testcase name="Homepage CMS Performance Tests › Page Load Performance › should have fast First Contentful Paint" classname="homepage-cms-performance.spec.ts" time="0.034">
<failure message="homepage-cms-performance.spec.ts:26:9 should have fast First Contentful Paint" type="FAILURE">
<![CDATA[  [webkit] › homepage-cms-performance.spec.ts:26:9 › Homepage CMS Performance Tests › Page Load Performance › should have fast First Contentful Paint 

    Error: browserType.launch: Executable doesn't exist at C:\Users\illif\AppData\Local\ms-playwright\webkit-2203\Playwright.exe
    ╔═════════════════════════════════════════════════════════════════════════╗
    ║ Looks like Playwright Test or Playwright was just installed or updated. ║
    ║ Please run the following command to download new browsers:              ║
    ║                                                                         ║
    ║     npx playwright install                                              ║
    ║                                                                         ║
    ║ <3 Playwright Team                                                      ║
    ╚═════════════════════════════════════════════════════════════════════════╝
]]>
</failure>
</testcase>
<testcase name="Homepage CMS Performance Tests › Page Load Performance › should display content without layout shift" classname="homepage-cms-performance.spec.ts" time="0.025">
<failure message="homepage-cms-performance.spec.ts:37:9 should display content without layout shift" type="FAILURE">
<![CDATA[  [webkit] › homepage-cms-performance.spec.ts:37:9 › Homepage CMS Performance Tests › Page Load Performance › should display content without layout shift 

    Error: browserType.launch: Executable doesn't exist at C:\Users\illif\AppData\Local\ms-playwright\webkit-2203\Playwright.exe
    ╔═════════════════════════════════════════════════════════════════════════╗
    ║ Looks like Playwright Test or Playwright was just installed or updated. ║
    ║ Please run the following command to download new browsers:              ║
    ║                                                                         ║
    ║     npx playwright install                                              ║
    ║                                                                         ║
    ║ <3 Playwright Team                                                      ║
    ╚═════════════════════════════════════════════════════════════════════════╝
]]>
</failure>
</testcase>
<testcase name="Homepage CMS Performance Tests › ISR Caching Behavior › should serve homepage from ISR cache on second visit" classname="homepage-cms-performance.spec.ts" time="0.02">
<failure message="homepage-cms-performance.spec.ts:57:9 should serve homepage from ISR cache on second visit" type="FAILURE">
<![CDATA[  [webkit] › homepage-cms-performance.spec.ts:57:9 › Homepage CMS Performance Tests › ISR Caching Behavior › should serve homepage from ISR cache on second visit 

    Error: browserType.launch: Executable doesn't exist at C:\Users\illif\AppData\Local\ms-playwright\webkit-2203\Playwright.exe
    ╔═════════════════════════════════════════════════════════════════════════╗
    ║ Looks like Playwright Test or Playwright was just installed or updated. ║
    ║ Please run the following command to download new browsers:              ║
    ║                                                                         ║
    ║     npx playwright install                                              ║
    ║                                                                         ║
    ║ <3 Playwright Team                                                      ║
    ╚═════════════════════════════════════════════════════════════════════════╝
]]>
</failure>
</testcase>
<testcase name="Homepage CMS Performance Tests › ISR Caching Behavior › should maintain ISR cache across multiple visits" classname="homepage-cms-performance.spec.ts" time="0.015">
<failure message="homepage-cms-performance.spec.ts:80:9 should maintain ISR cache across multiple visits" type="FAILURE">
<![CDATA[  [webkit] › homepage-cms-performance.spec.ts:80:9 › Homepage CMS Performance Tests › ISR Caching Behavior › should maintain ISR cache across multiple visits 

    Error: browserType.launch: Executable doesn't exist at C:\Users\illif\AppData\Local\ms-playwright\webkit-2203\Playwright.exe
    ╔═════════════════════════════════════════════════════════════════════════╗
    ║ Looks like Playwright Test or Playwright was just installed or updated. ║
    ║ Please run the following command to download new browsers:              ║
    ║                                                                         ║
    ║     npx playwright install                                              ║
    ║                                                                         ║
    ║ <3 Playwright Team                                                      ║
    ╚═════════════════════════════════════════════════════════════════════════╝
]]>
</failure>
</testcase>
<testcase name="Homepage CMS Performance Tests › ISR Caching Behavior › should have 30-minute revalidation period" classname="homepage-cms-performance.spec.ts" time="0.014">
<failure message="homepage-cms-performance.spec.ts:106:9 should have 30-minute revalidation period" type="FAILURE">
<![CDATA[  [webkit] › homepage-cms-performance.spec.ts:106:9 › Homepage CMS Performance Tests › ISR Caching Behavior › should have 30-minute revalidation period 

    Error: browserType.launch: Executable doesn't exist at C:\Users\illif\AppData\Local\ms-playwright\webkit-2203\Playwright.exe
    ╔═════════════════════════════════════════════════════════════════════════╗
    ║ Looks like Playwright Test or Playwright was just installed or updated. ║
    ║ Please run the following command to download new browsers:              ║
    ║                                                                         ║
    ║     npx playwright install                                              ║
    ║                                                                         ║
    ║ <3 Playwright Team                                                      ║
    ╚═════════════════════════════════════════════════════════════════════════╝
]]>
</failure>
</testcase>
<testcase name="Homepage CMS Performance Tests › CMS Content Loading › should load all CMS sections without errors" classname="homepage-cms-performance.spec.ts" time="0.018">
<failure message="homepage-cms-performance.spec.ts:131:9 should load all CMS sections without errors" type="FAILURE">
<![CDATA[  [webkit] › homepage-cms-performance.spec.ts:131:9 › Homepage CMS Performance Tests › CMS Content Loading › should load all CMS sections without errors 

    Error: browserType.launch: Executable doesn't exist at C:\Users\illif\AppData\Local\ms-playwright\webkit-2203\Playwright.exe
    ╔═════════════════════════════════════════════════════════════════════════╗
    ║ Looks like Playwright Test or Playwright was just installed or updated. ║
    ║ Please run the following command to download new browsers:              ║
    ║                                                                         ║
    ║     npx playwright install                                              ║
    ║                                                                         ║
    ║ <3 Playwright Team                                                      ║
    ╚═════════════════════════════════════════════════════════════════════════╝
]]>
</failure>
</testcase>
<testcase name="Homepage CMS Performance Tests › CMS Content Loading › should load images efficiently" classname="homepage-cms-performance.spec.ts" time="0.015">
<failure message="homepage-cms-performance.spec.ts:153:9 should load images efficiently" type="FAILURE">
<![CDATA[  [webkit] › homepage-cms-performance.spec.ts:153:9 › Homepage CMS Performance Tests › CMS Content Loading › should load images efficiently 

    Error: browserType.launch: Executable doesn't exist at C:\Users\illif\AppData\Local\ms-playwright\webkit-2203\Playwright.exe
    ╔═════════════════════════════════════════════════════════════════════════╗
    ║ Looks like Playwright Test or Playwright was just installed or updated. ║
    ║ Please run the following command to download new browsers:              ║
    ║                                                                         ║
    ║     npx playwright install                                              ║
    ║                                                                         ║
    ║ <3 Playwright Team                                                      ║
    ╚═════════════════════════════════════════════════════════════════════════╝
]]>
</failure>
</testcase>
<testcase name="Homepage CMS Performance Tests › CMS Content Loading › should handle fallback content gracefully" classname="homepage-cms-performance.spec.ts" time="0.019">
<failure message="homepage-cms-performance.spec.ts:177:9 should handle fallback content gracefully" type="FAILURE">
<![CDATA[  [webkit] › homepage-cms-performance.spec.ts:177:9 › Homepage CMS Performance Tests › CMS Content Loading › should handle fallback content gracefully 

    Error: browserType.launch: Executable doesn't exist at C:\Users\illif\AppData\Local\ms-playwright\webkit-2203\Playwright.exe
    ╔═════════════════════════════════════════════════════════════════════════╗
    ║ Looks like Playwright Test or Playwright was just installed or updated. ║
    ║ Please run the following command to download new browsers:              ║
    ║                                                                         ║
    ║     npx playwright install                                              ║
    ║                                                                         ║
    ║ <3 Playwright Team                                                      ║
    ╚═════════════════════════════════════════════════════════════════════════╝
]]>
</failure>
</testcase>
<testcase name="Homepage CMS Performance Tests › Performance Metrics › should have acceptable Time to Interactive" classname="homepage-cms-performance.spec.ts" time="0.023">
<failure message="homepage-cms-performance.spec.ts:196:9 should have acceptable Time to Interactive" type="FAILURE">
<![CDATA[  [webkit] › homepage-cms-performance.spec.ts:196:9 › Homepage CMS Performance Tests › Performance Metrics › should have acceptable Time to Interactive 

    Error: browserType.launch: Executable doesn't exist at C:\Users\illif\AppData\Local\ms-playwright\webkit-2203\Playwright.exe
    ╔═════════════════════════════════════════════════════════════════════════╗
    ║ Looks like Playwright Test or Playwright was just installed or updated. ║
    ║ Please run the following command to download new browsers:              ║
    ║                                                                         ║
    ║     npx playwright install                                              ║
    ║                                                                         ║
    ║ <3 Playwright Team                                                      ║
    ╚═════════════════════════════════════════════════════════════════════════╝
]]>
</failure>
</testcase>
<testcase name="Homepage CMS Performance Tests › Performance Metrics › should maintain performance with client-side interactions" classname="homepage-cms-performance.spec.ts" time="0.014">
<failure message="homepage-cms-performance.spec.ts:218:9 should maintain performance with client-side interactions" type="FAILURE">
<![CDATA[  [webkit] › homepage-cms-performance.spec.ts:218:9 › Homepage CMS Performance Tests › Performance Metrics › should maintain performance with client-side interactions 

    Error: browserType.launch: Executable doesn't exist at C:\Users\illif\AppData\Local\ms-playwright\webkit-2203\Playwright.exe
    ╔═════════════════════════════════════════════════════════════════════════╗
    ║ Looks like Playwright Test or Playwright was just installed or updated. ║
    ║ Please run the following command to download new browsers:              ║
    ║                                                                         ║
    ║     npx playwright install                                              ║
    ║                                                                         ║
    ║ <3 Playwright Team                                                      ║
    ╚═════════════════════════════════════════════════════════════════════════╝
]]>
</failure>
</testcase>
<testcase name="Homepage CMS Performance Tests › Performance Metrics › should load without blocking resources" classname="homepage-cms-performance.spec.ts" time="0.012">
<failure message="homepage-cms-performance.spec.ts:243:9 should load without blocking resources" type="FAILURE">
<![CDATA[  [webkit] › homepage-cms-performance.spec.ts:243:9 › Homepage CMS Performance Tests › Performance Metrics › should load without blocking resources 

    Error: browserType.launch: Executable doesn't exist at C:\Users\illif\AppData\Local\ms-playwright\webkit-2203\Playwright.exe
    ╔═════════════════════════════════════════════════════════════════════════╗
    ║ Looks like Playwright Test or Playwright was just installed or updated. ║
    ║ Please run the following command to download new browsers:              ║
    ║                                                                         ║
    ║     npx playwright install                                              ║
    ║                                                                         ║
    ║ <3 Playwright Team                                                      ║
    ╚═════════════════════════════════════════════════════════════════════════╝
]]>
</failure>
</testcase>
<testcase name="Homepage CMS Performance Tests › Resource Optimization › should use optimized images" classname="homepage-cms-performance.spec.ts" time="0.013">
<failure message="homepage-cms-performance.spec.ts:266:9 should use optimized images" type="FAILURE">
<![CDATA[  [webkit] › homepage-cms-performance.spec.ts:266:9 › Homepage CMS Performance Tests › Resource Optimization › should use optimized images 

    Error: browserType.launch: Executable doesn't exist at C:\Users\illif\AppData\Local\ms-playwright\webkit-2203\Playwright.exe
    ╔═════════════════════════════════════════════════════════════════════════╗
    ║ Looks like Playwright Test or Playwright was just installed or updated. ║
    ║ Please run the following command to download new browsers:              ║
    ║                                                                         ║
    ║     npx playwright install                                              ║
    ║                                                                         ║
    ║ <3 Playwright Team                                                      ║
    ╚═════════════════════════════════════════════════════════════════════════╝
]]>
</failure>
</testcase>
<testcase name="Homepage CMS Performance Tests › Resource Optimization › should lazy load below-the-fold content" classname="homepage-cms-performance.spec.ts" time="0.013">
<failure message="homepage-cms-performance.spec.ts:287:9 should lazy load below-the-fold content" type="FAILURE">
<![CDATA[  [webkit] › homepage-cms-performance.spec.ts:287:9 › Homepage CMS Performance Tests › Resource Optimization › should lazy load below-the-fold content 

    Error: browserType.launch: Executable doesn't exist at C:\Users\illif\AppData\Local\ms-playwright\webkit-2203\Playwright.exe
    ╔═════════════════════════════════════════════════════════════════════════╗
    ║ Looks like Playwright Test or Playwright was just installed or updated. ║
    ║ Please run the following command to download new browsers:              ║
    ║                                                                         ║
    ║     npx playwright install                                              ║
    ║                                                                         ║
    ║ <3 Playwright Team                                                      ║
    ╚═════════════════════════════════════════════════════════════════════════╝
]]>
</failure>
</testcase>
<testcase name="Homepage CMS Performance Tests › Resource Optimization › should minimize JavaScript bundle size impact" classname="homepage-cms-performance.spec.ts" time="0.012">
<failure message="homepage-cms-performance.spec.ts:305:9 should minimize JavaScript bundle size impact" type="FAILURE">
<![CDATA[  [webkit] › homepage-cms-performance.spec.ts:305:9 › Homepage CMS Performance Tests › Resource Optimization › should minimize JavaScript bundle size impact 

    Error: browserType.launch: Executable doesn't exist at C:\Users\illif\AppData\Local\ms-playwright\webkit-2203\Playwright.exe
    ╔═════════════════════════════════════════════════════════════════════════╗
    ║ Looks like Playwright Test or Playwright was just installed or updated. ║
    ║ Please run the following command to download new browsers:              ║
    ║                                                                         ║
    ║     npx playwright install                                              ║
    ║                                                                         ║
    ║ <3 Playwright Team                                                      ║
    ╚═════════════════════════════════════════════════════════════════════════╝
]]>
</failure>
</testcase>
<testcase name="Homepage CMS Performance Tests › API Performance › should handle API requests efficiently" classname="homepage-cms-performance.spec.ts" time="0.014">
<failure message="homepage-cms-performance.spec.ts:325:9 should handle API requests efficiently" type="FAILURE">
<![CDATA[  [webkit] › homepage-cms-performance.spec.ts:325:9 › Homepage CMS Performance Tests › API Performance › should handle API requests efficiently 

    Error: browserType.launch: Executable doesn't exist at C:\Users\illif\AppData\Local\ms-playwright\webkit-2203\Playwright.exe
    ╔═════════════════════════════════════════════════════════════════════════╗
    ║ Looks like Playwright Test or Playwright was just installed or updated. ║
    ║ Please run the following command to download new browsers:              ║
    ║                                                                         ║
    ║     npx playwright install                                              ║
    ║                                                                         ║
    ║ <3 Playwright Team                                                      ║
    ╚═════════════════════════════════════════════════════════════════════════╝
]]>
</failure>
</testcase>
<testcase name="Homepage CMS Performance Tests › API Performance › should not block rendering on API calls" classname="homepage-cms-performance.spec.ts" time="0.015">
<failure message="homepage-cms-performance.spec.ts:351:9 should not block rendering on API calls" type="FAILURE">
<![CDATA[  [webkit] › homepage-cms-performance.spec.ts:351:9 › Homepage CMS Performance Tests › API Performance › should not block rendering on API calls 

    Error: browserType.launch: Executable doesn't exist at C:\Users\illif\AppData\Local\ms-playwright\webkit-2203\Playwright.exe
    ╔═════════════════════════════════════════════════════════════════════════╗
    ║ Looks like Playwright Test or Playwright was just installed or updated. ║
    ║ Please run the following command to download new browsers:              ║
    ║                                                                         ║
    ║     npx playwright install                                              ║
    ║                                                                         ║
    ║ <3 Playwright Team                                                      ║
    ╚═════════════════════════════════════════════════════════════════════════╝
]]>
</failure>
</testcase>
<testcase name="Homepage CMS Performance Tests › Lighthouse Score Verification › should maintain acceptable performance score" classname="homepage-cms-performance.spec.ts" time="0.013">
<failure message="homepage-cms-performance.spec.ts:368:9 should maintain acceptable performance score" type="FAILURE">
<![CDATA[  [webkit] › homepage-cms-performance.spec.ts:368:9 › Homepage CMS Performance Tests › Lighthouse Score Verification › should maintain acceptable performance score 

    Error: browserType.launch: Executable doesn't exist at C:\Users\illif\AppData\Local\ms-playwright\webkit-2203\Playwright.exe
    ╔═════════════════════════════════════════════════════════════════════════╗
    ║ Looks like Playwright Test or Playwright was just installed or updated. ║
    ║ Please run the following command to download new browsers:              ║
    ║                                                                         ║
    ║     npx playwright install                                              ║
    ║                                                                         ║
    ║ <3 Playwright Team                                                      ║
    ╚═════════════════════════════════════════════════════════════════════════╝
]]>
</failure>
</testcase>
<testcase name="Homepage CMS Performance Tests › Lighthouse Score Verification › should have good SEO structure" classname="homepage-cms-performance.spec.ts" time="0.012">
<failure message="homepage-cms-performance.spec.ts:390:9 should have good SEO structure" type="FAILURE">
<![CDATA[  [webkit] › homepage-cms-performance.spec.ts:390:9 › Homepage CMS Performance Tests › Lighthouse Score Verification › should have good SEO structure 

    Error: browserType.launch: Executable doesn't exist at C:\Users\illif\AppData\Local\ms-playwright\webkit-2203\Playwright.exe
    ╔═════════════════════════════════════════════════════════════════════════╗
    ║ Looks like Playwright Test or Playwright was just installed or updated. ║
    ║ Please run the following command to download new browsers:              ║
    ║                                                                         ║
    ║     npx playwright install                                              ║
    ║                                                                         ║
    ║ <3 Playwright Team                                                      ║
    ╚═════════════════════════════════════════════════════════════════════════╝
]]>
</failure>
</testcase>
<testcase name="Homepage CMS Performance Tests › Lighthouse Score Verification › should maintain accessibility standards" classname="homepage-cms-performance.spec.ts" time="0.014">
<failure message="homepage-cms-performance.spec.ts:413:9 should maintain accessibility standards" type="FAILURE">
<![CDATA[  [webkit] › homepage-cms-performance.spec.ts:413:9 › Homepage CMS Performance Tests › Lighthouse Score Verification › should maintain accessibility standards 

    Error: browserType.launch: Executable doesn't exist at C:\Users\illif\AppData\Local\ms-playwright\webkit-2203\Playwright.exe
    ╔═════════════════════════════════════════════════════════════════════════╗
    ║ Looks like Playwright Test or Playwright was just installed or updated. ║
    ║ Please run the following command to download new browsers:              ║
    ║                                                                         ║
    ║     npx playwright install                                              ║
    ║                                                                         ║
    ║ <3 Playwright Team                                                      ║
    ╚═════════════════════════════════════════════════════════════════════════╝
]]>
</failure>
</testcase>
<testcase name="Homepage CMS Performance Tests › Stress Testing › should handle rapid navigation" classname="homepage-cms-performance.spec.ts" time="0.022">
<failure message="homepage-cms-performance.spec.ts:441:9 should handle rapid navigation" type="FAILURE">
<![CDATA[  [webkit] › homepage-cms-performance.spec.ts:441:9 › Homepage CMS Performance Tests › Stress Testing › should handle rapid navigation 

    Error: browserType.launch: Executable doesn't exist at C:\Users\illif\AppData\Local\ms-playwright\webkit-2203\Playwright.exe
    ╔═════════════════════════════════════════════════════════════════════════╗
    ║ Looks like Playwright Test or Playwright was just installed or updated. ║
    ║ Please run the following command to download new browsers:              ║
    ║                                                                         ║
    ║     npx playwright install                                              ║
    ║                                                                         ║
    ║ <3 Playwright Team                                                      ║
    ╚═════════════════════════════════════════════════════════════════════════╝
]]>
</failure>
</testcase>
<testcase name="Homepage CMS Performance Tests › Stress Testing › should maintain performance under scroll stress" classname="homepage-cms-performance.spec.ts" time="0.024">
<failure message="homepage-cms-performance.spec.ts:457:9 should maintain performance under scroll stress" type="FAILURE">
<![CDATA[  [webkit] › homepage-cms-performance.spec.ts:457:9 › Homepage CMS Performance Tests › Stress Testing › should maintain performance under scroll stress 

    Error: browserType.launch: Executable doesn't exist at C:\Users\illif\AppData\Local\ms-playwright\webkit-2203\Playwright.exe
    ╔═════════════════════════════════════════════════════════════════════════╗
    ║ Looks like Playwright Test or Playwright was just installed or updated. ║
    ║ Please run the following command to download new browsers:              ║
    ║                                                                         ║
    ║     npx playwright install                                              ║
    ║                                                                         ║
    ║ <3 Playwright Team                                                      ║
    ╚═════════════════════════════════════════════════════════════════════════╝
]]>
</failure>
</testcase>
</testsuite>
<testsuite name="homepage-cms-performance.spec.ts" timestamp="2025-10-05T18:09:09.268Z" hostname="edge" tests="22" failures="10" skipped="0" time="363.269" errors="0">
<testcase name="Homepage CMS Performance Tests › Page Load Performance › should load homepage within acceptable time" classname="homepage-cms-performance.spec.ts" time="25.209">
<failure message="homepage-cms-performance.spec.ts:12:9 should load homepage within acceptable time" type="FAILURE">
<![CDATA[  [edge] › homepage-cms-performance.spec.ts:12:9 › Homepage CMS Performance Tests › Page Load Performance › should load homepage within acceptable time 

    Error: expect(received).toBeLessThan(expected)

    Expected: < 3000
    Received:   21748

      19 |       
      20 |       // Homepage should load within 3 seconds
    > 21 |       expect(loadTime).toBeLessThan(3000);
         |                        ^
      22 |       
      23 |       console.log(`Homepage load time: ${loadTime}ms`);
      24 |     });
        at C:\dev\fullstack\next_laravel\nik_studio_2_19\frontend_next\tests\e2e\homepage-cms-performance.spec.ts:21:24

    attachment #1: screenshot (image/png) ──────────────────────────────────────────────────────────
    ..\..\test-results\homepage-cms-performance-H-973df-page-within-acceptable-time-edge\test-failed-1.png
    ────────────────────────────────────────────────────────────────────────────────────────────────

    attachment #2: video (video/webm) ──────────────────────────────────────────────────────────────
    ..\..\test-results\homepage-cms-performance-H-973df-page-within-acceptable-time-edge\video.webm
    ────────────────────────────────────────────────────────────────────────────────────────────────

    Error Context: ..\..\test-results\homepage-cms-performance-H-973df-page-within-acceptable-time-edge\error-context.md
]]>
</failure>
<system-out>
<![CDATA[
[[ATTACHMENT|homepage-cms-performance-H-973df-page-within-acceptable-time-edge\test-failed-1.png]]

[[ATTACHMENT|homepage-cms-performance-H-973df-page-within-acceptable-time-edge\video.webm]]

[[ATTACHMENT|homepage-cms-performance-H-973df-page-within-acceptable-time-edge\error-context.md]]
]]>
</system-out>
</testcase>
<testcase name="Homepage CMS Performance Tests › Page Load Performance › should have fast First Contentful Paint" classname="homepage-cms-performance.spec.ts" time="7.128">
<failure message="homepage-cms-performance.spec.ts:26:9 should have fast First Contentful Paint" type="FAILURE">
<![CDATA[  [edge] › homepage-cms-performance.spec.ts:26:9 › Homepage CMS Performance Tests › Page Load Performance › should have fast First Contentful Paint 

    Error: expect(locator).toBeVisible() failed

    Locator:  locator('[class*="hero"], [class*="Hero"]').first()
    Expected: visible
    Received: <element(s) not found>
    Timeout:  2000ms

    Call log:
      - Expect "toBeVisible" with timeout 2000ms
      - waiting for locator('[class*="hero"], [class*="Hero"]').first()


      32 |       // Check that hero section loads quickly
      33 |       const heroSection = page.locator('[class*="hero"], [class*="Hero"]').first();
    > 34 |       await expect(heroSection).toBeVisible({ timeout: 2000 });
         |                                 ^
      35 |     });
      36 |
      37 |     test('should display content without layout shift', async ({ page }) => {
        at C:\dev\fullstack\next_laravel\nik_studio_2_19\frontend_next\tests\e2e\homepage-cms-performance.spec.ts:34:33

    attachment #1: screenshot (image/png) ──────────────────────────────────────────────────────────
    ..\..\test-results\homepage-cms-performance-H-d6278-fast-First-Contentful-Paint-edge\test-failed-1.png
    ────────────────────────────────────────────────────────────────────────────────────────────────

    attachment #2: video (video/webm) ──────────────────────────────────────────────────────────────
    ..\..\test-results\homepage-cms-performance-H-d6278-fast-First-Contentful-Paint-edge\video.webm
    ────────────────────────────────────────────────────────────────────────────────────────────────

    Error Context: ..\..\test-results\homepage-cms-performance-H-d6278-fast-First-Contentful-Paint-edge\error-context.md
]]>
</failure>
<system-out>
<![CDATA[
[[ATTACHMENT|homepage-cms-performance-H-d6278-fast-First-Contentful-Paint-edge\test-failed-1.png]]

[[ATTACHMENT|homepage-cms-performance-H-d6278-fast-First-Contentful-Paint-edge\video.webm]]

[[ATTACHMENT|homepage-cms-performance-H-d6278-fast-First-Contentful-Paint-edge\error-context.md]]
]]>
</system-out>
</testcase>
<testcase name="Homepage CMS Performance Tests › Page Load Performance › should display content without layout shift" classname="homepage-cms-performance.spec.ts" time="33.295">
<failure message="homepage-cms-performance.spec.ts:37:9 should display content without layout shift" type="FAILURE">
<![CDATA[  [edge] › homepage-cms-performance.spec.ts:37:9 › Homepage CMS Performance Tests › Page Load Performance › should display content without layout shift 

    Error: expect(locator).toBeVisible() failed

    Locator:  locator('section').nth(3)
    Expected: visible
    Received: hidden
    Timeout:  10000ms

    Call log:
      - Expect "toBeVisible" with timeout 10000ms
      - waiting for locator('section').nth(3)
        13 × locator resolved to <section class="w-full bg-[#0E1011] flex flex-col mt-[28px] sm:mt-3 ">…</section>
           - unexpected value "hidden"


      49 |       // All sections should be visible without shifts
      50 |       for (let i = 0; i < Math.min(sectionCount, 5); i++) {
    > 51 |         await expect(sections.nth(i)).toBeVisible();
         |                                       ^
      52 |       }
      53 |     });
      54 |   });
        at C:\dev\fullstack\next_laravel\nik_studio_2_19\frontend_next\tests\e2e\homepage-cms-performance.spec.ts:51:39

    attachment #1: screenshot (image/png) ──────────────────────────────────────────────────────────
    ..\..\test-results\homepage-cms-performance-H-239a1-ontent-without-layout-shift-edge\test-failed-1.png
    ────────────────────────────────────────────────────────────────────────────────────────────────

    attachment #2: video (video/webm) ──────────────────────────────────────────────────────────────
    ..\..\test-results\homepage-cms-performance-H-239a1-ontent-without-layout-shift-edge\video.webm
    ────────────────────────────────────────────────────────────────────────────────────────────────

    Error Context: ..\..\test-results\homepage-cms-performance-H-239a1-ontent-without-layout-shift-edge\error-context.md
]]>
</failure>
<system-out>
<![CDATA[
[[ATTACHMENT|homepage-cms-performance-H-239a1-ontent-without-layout-shift-edge\test-failed-1.png]]

[[ATTACHMENT|homepage-cms-performance-H-239a1-ontent-without-layout-shift-edge\video.webm]]

[[ATTACHMENT|homepage-cms-performance-H-239a1-ontent-without-layout-shift-edge\error-context.md]]
]]>
</system-out>
</testcase>
<testcase name="Homepage CMS Performance Tests › ISR Caching Behavior › should serve homepage from ISR cache on second visit" classname="homepage-cms-performance.spec.ts" time="22.637">
<system-out>
<![CDATA[Cached homepage load time: 1761ms
]]>
</system-out>
</testcase>
<testcase name="Homepage CMS Performance Tests › ISR Caching Behavior › should maintain ISR cache across multiple visits" classname="homepage-cms-performance.spec.ts" time="31.806">
<failure message="homepage-cms-performance.spec.ts:80:9 should maintain ISR cache across multiple visits" type="FAILURE">
<![CDATA[  [edge] › homepage-cms-performance.spec.ts:80:9 › Homepage CMS Performance Tests › ISR Caching Behavior › should maintain ISR cache across multiple visits 

    Test timeout of 30000ms exceeded.

    Error: page.waitForLoadState: Test timeout of 30000ms exceeded.

      85 |         const startTime = Date.now();
      86 |         await page.goto('/');
    > 87 |         await page.waitForLoadState('networkidle');
         |                    ^
      88 |         const loadTime = Date.now() - startTime;
      89 |         
      90 |         loadTimes.push(loadTime);
        at C:\dev\fullstack\next_laravel\nik_studio_2_19\frontend_next\tests\e2e\homepage-cms-performance.spec.ts:87:20

    attachment #1: screenshot (image/png) ──────────────────────────────────────────────────────────
    ..\..\test-results\homepage-cms-performance-H-9812d-ache-across-multiple-visits-edge\test-failed-1.png
    ────────────────────────────────────────────────────────────────────────────────────────────────

    attachment #2: video (video/webm) ──────────────────────────────────────────────────────────────
    ..\..\test-results\homepage-cms-performance-H-9812d-ache-across-multiple-visits-edge\video.webm
    ────────────────────────────────────────────────────────────────────────────────────────────────

    Error Context: ..\..\test-results\homepage-cms-performance-H-9812d-ache-across-multiple-visits-edge\error-context.md
]]>
</failure>
<system-out>
<![CDATA[
[[ATTACHMENT|homepage-cms-performance-H-9812d-ache-across-multiple-visits-edge\test-failed-1.png]]

[[ATTACHMENT|homepage-cms-performance-H-9812d-ache-across-multiple-visits-edge\video.webm]]

[[ATTACHMENT|homepage-cms-performance-H-9812d-ache-across-multiple-visits-edge\error-context.md]]
]]>
</system-out>
</testcase>
<testcase name="Homepage CMS Performance Tests › ISR Caching Behavior › should have 30-minute revalidation period" classname="homepage-cms-performance.spec.ts" time="9.408">
<system-out>
<![CDATA[Cache-Control: no-store, must-revalidate
X-Nextjs-Cache: [90mundefined[39m
]]>
</system-out>
</testcase>
<testcase name="Homepage CMS Performance Tests › CMS Content Loading › should load all CMS sections without errors" classname="homepage-cms-performance.spec.ts" time="29.886">
<failure message="homepage-cms-performance.spec.ts:131:9 should load all CMS sections without errors" type="FAILURE">
<![CDATA[  [edge] › homepage-cms-performance.spec.ts:131:9 › Homepage CMS Performance Tests › CMS Content Loading › should load all CMS sections without errors 

    Error: expect(locator).toBeVisible() failed

    Locator:  locator('[class*="hero"], [class*="Hero"]').first()
    Expected: visible
    Received: <element(s) not found>
    Timeout:  3000ms

    Call log:
      - Expect "toBeVisible" with timeout 3000ms
      - waiting for locator('[class*="hero"], [class*="Hero"]').first()


      140 |       
      141 |       // All sections should be visible
    > 142 |       await expect(heroSection).toBeVisible({ timeout: 3000 });
          |                                 ^
      143 |       await expect(mainContentSection).toBeVisible({ timeout: 3000 });
      144 |       
      145 |       // Services and testimonials may be lazy loaded
        at C:\dev\fullstack\next_laravel\nik_studio_2_19\frontend_next\tests\e2e\homepage-cms-performance.spec.ts:142:33

    attachment #1: screenshot (image/png) ──────────────────────────────────────────────────────────
    ..\..\test-results\homepage-cms-performance-H-dc94c-CMS-sections-without-errors-edge\test-failed-1.png
    ────────────────────────────────────────────────────────────────────────────────────────────────

    attachment #2: video (video/webm) ──────────────────────────────────────────────────────────────
    ..\..\test-results\homepage-cms-performance-H-dc94c-CMS-sections-without-errors-edge\video.webm
    ────────────────────────────────────────────────────────────────────────────────────────────────

    Error Context: ..\..\test-results\homepage-cms-performance-H-dc94c-CMS-sections-without-errors-edge\error-context.md
]]>
</failure>
<system-out>
<![CDATA[
[[ATTACHMENT|homepage-cms-performance-H-dc94c-CMS-sections-without-errors-edge\test-failed-1.png]]

[[ATTACHMENT|homepage-cms-performance-H-dc94c-CMS-sections-without-errors-edge\video.webm]]

[[ATTACHMENT|homepage-cms-performance-H-dc94c-CMS-sections-without-errors-edge\error-context.md]]
]]>
</system-out>
</testcase>
<testcase name="Homepage CMS Performance Tests › CMS Content Loading › should load images efficiently" classname="homepage-cms-performance.spec.ts" time="17.906">
<system-out>
<![CDATA[Image 1: src=/images/header/logo_header.svg...
Image 2: src=/images/header/burger.svg...
Image 3: src=/_next/image?url=%2Fimages%2Fhome%2Fhero-image.png...
Image 4: src=/images/home/nik-logo-hero.svg...
Image 5: src=/_next/image?url=http%3A%2F%2Flocalhost%3A8000%2Fs...
]]>
</system-out>
</testcase>
<testcase name="Homepage CMS Performance Tests › CMS Content Loading › should handle fallback content gracefully" classname="homepage-cms-performance.spec.ts" time="23.779">
<failure message="homepage-cms-performance.spec.ts:177:9 should handle fallback content gracefully" type="FAILURE">
<![CDATA[  [edge] › homepage-cms-performance.spec.ts:177:9 › Homepage CMS Performance Tests › CMS Content Loading › should handle fallback content gracefully 

    Error: expect(locator).toBeVisible() failed

    Locator:  locator('[class*="hero"], [class*="Hero"]').first()
    Expected: visible
    Received: <element(s) not found>
    Timeout:  10000ms

    Call log:
      - Expect "toBeVisible" with timeout 10000ms
      - waiting for locator('[class*="hero"], [class*="Hero"]').first()


      185 |       // Hero section should have content (either from API or fallback)
      186 |       const heroSection = page.locator('[class*="hero"], [class*="Hero"]').first();
    > 187 |       await expect(heroSection).toBeVisible();
          |                                 ^
      188 |       
      189 |       const heroText = await heroSection.textContent();
      190 |       expect(heroText).toBeTruthy();
        at C:\dev\fullstack\next_laravel\nik_studio_2_19\frontend_next\tests\e2e\homepage-cms-performance.spec.ts:187:33

    attachment #1: screenshot (image/png) ──────────────────────────────────────────────────────────
    ..\..\test-results\homepage-cms-performance-H-f9129-fallback-content-gracefully-edge\test-failed-1.png
    ────────────────────────────────────────────────────────────────────────────────────────────────

    attachment #2: video (video/webm) ──────────────────────────────────────────────────────────────
    ..\..\test-results\homepage-cms-performance-H-f9129-fallback-content-gracefully-edge\video.webm
    ────────────────────────────────────────────────────────────────────────────────────────────────

    Error Context: ..\..\test-results\homepage-cms-performance-H-f9129-fallback-content-gracefully-edge\error-context.md
]]>
</failure>
<system-out>
<![CDATA[
[[ATTACHMENT|homepage-cms-performance-H-f9129-fallback-content-gracefully-edge\test-failed-1.png]]

[[ATTACHMENT|homepage-cms-performance-H-f9129-fallback-content-gracefully-edge\video.webm]]

[[ATTACHMENT|homepage-cms-performance-H-f9129-fallback-content-gracefully-edge\error-context.md]]
]]>
</system-out>
</testcase>
<testcase name="Homepage CMS Performance Tests › Performance Metrics › should have acceptable Time to Interactive" classname="homepage-cms-performance.spec.ts" time="7.434">
<failure message="homepage-cms-performance.spec.ts:196:9 should have acceptable Time to Interactive" type="FAILURE">
<![CDATA[  [edge] › homepage-cms-performance.spec.ts:196:9 › Homepage CMS Performance Tests › Performance Metrics › should have acceptable Time to Interactive 

    Error: expect(received).toBeLessThan(expected)

    Expected: < 2000
    Received:   6036

      207 |       
      208 |       // DOM should load quickly
    > 209 |       expect(domLoadTime).toBeLessThan(2000);
          |                           ^
      210 |       
      211 |       // Page should be interactive quickly
      212 |       expect(interactiveTime).toBeLessThan(3000);
        at C:\dev\fullstack\next_laravel\nik_studio_2_19\frontend_next\tests\e2e\homepage-cms-performance.spec.ts:209:27

    attachment #1: screenshot (image/png) ──────────────────────────────────────────────────────────
    ..\..\test-results\homepage-cms-performance-H-72a16-eptable-Time-to-Interactive-edge\test-failed-1.png
    ────────────────────────────────────────────────────────────────────────────────────────────────

    attachment #2: video (video/webm) ──────────────────────────────────────────────────────────────
    ..\..\test-results\homepage-cms-performance-H-72a16-eptable-Time-to-Interactive-edge\video.webm
    ────────────────────────────────────────────────────────────────────────────────────────────────

    Error Context: ..\..\test-results\homepage-cms-performance-H-72a16-eptable-Time-to-Interactive-edge\error-context.md
]]>
</failure>
<system-out>
<![CDATA[
[[ATTACHMENT|homepage-cms-performance-H-72a16-eptable-Time-to-Interactive-edge\test-failed-1.png]]

[[ATTACHMENT|homepage-cms-performance-H-72a16-eptable-Time-to-Interactive-edge\video.webm]]

[[ATTACHMENT|homepage-cms-performance-H-72a16-eptable-Time-to-Interactive-edge\error-context.md]]
]]>
</system-out>
</testcase>
<testcase name="Homepage CMS Performance Tests › Performance Metrics › should maintain performance with client-side interactions" classname="homepage-cms-performance.spec.ts" time="14.65">
</testcase>
<testcase name="Homepage CMS Performance Tests › Performance Metrics › should load without blocking resources" classname="homepage-cms-performance.spec.ts" time="16.77">
<system-out>
<![CDATA[Blocking resources loaded: 10
]]>
</system-out>
</testcase>
<testcase name="Homepage CMS Performance Tests › Resource Optimization › should use optimized images" classname="homepage-cms-performance.spec.ts" time="8.291">
<system-out>
<![CDATA[Image loading strategy: null
]]>
</system-out>
</testcase>
<testcase name="Homepage CMS Performance Tests › Resource Optimization › should lazy load below-the-fold content" classname="homepage-cms-performance.spec.ts" time="3.342">
<failure message="homepage-cms-performance.spec.ts:287:9 should lazy load below-the-fold content" type="FAILURE">
<![CDATA[  [edge] › homepage-cms-performance.spec.ts:287:9 › Homepage CMS Performance Tests › Resource Optimization › should lazy load below-the-fold content 

    Error: expect(locator).toBeVisible() failed

    Locator:  locator('[class*="hero"], [class*="Hero"]').first()
    Expected: visible
    Received: <element(s) not found>
    Timeout:  1000ms

    Call log:
      - Expect "toBeVisible" with timeout 1000ms
      - waiting for locator('[class*="hero"], [class*="Hero"]').first()


      293 |       // Check that hero is visible immediately
      294 |       const heroSection = page.locator('[class*="hero"], [class*="Hero"]').first();
    > 295 |       await expect(heroSection).toBeVisible({ timeout: 1000 });
          |                                 ^
      296 |       
      297 |       // Scroll to trigger lazy loading
      298 |       await page.evaluate(() => window.scrollTo(0, document.body.scrollHeight / 2));
        at C:\dev\fullstack\next_laravel\nik_studio_2_19\frontend_next\tests\e2e\homepage-cms-performance.spec.ts:295:33

    attachment #1: screenshot (image/png) ──────────────────────────────────────────────────────────
    ..\..\test-results\homepage-cms-performance-H-590ec-load-below-the-fold-content-edge\test-failed-1.png
    ────────────────────────────────────────────────────────────────────────────────────────────────

    attachment #2: video (video/webm) ──────────────────────────────────────────────────────────────
    ..\..\test-results\homepage-cms-performance-H-590ec-load-below-the-fold-content-edge\video.webm
    ────────────────────────────────────────────────────────────────────────────────────────────────

    Error Context: ..\..\test-results\homepage-cms-performance-H-590ec-load-below-the-fold-content-edge\error-context.md
]]>
</failure>
<system-out>
<![CDATA[
[[ATTACHMENT|homepage-cms-performance-H-590ec-load-below-the-fold-content-edge\test-failed-1.png]]

[[ATTACHMENT|homepage-cms-performance-H-590ec-load-below-the-fold-content-edge\video.webm]]

[[ATTACHMENT|homepage-cms-performance-H-590ec-load-below-the-fold-content-edge\error-context.md]]
]]>
</system-out>
</testcase>
<testcase name="Homepage CMS Performance Tests › Resource Optimization › should minimize JavaScript bundle size impact" classname="homepage-cms-performance.spec.ts" time="22.895">
<system-out>
<![CDATA[JavaScript files loaded: 8
]]>
</system-out>
</testcase>
<testcase name="Homepage CMS Performance Tests › API Performance › should handle API requests efficiently" classname="homepage-cms-performance.spec.ts" time="3.34">
<system-out>
<![CDATA[API requests made: 0
]]>
</system-out>
</testcase>
<testcase name="Homepage CMS Performance Tests › API Performance › should not block rendering on API calls" classname="homepage-cms-performance.spec.ts" time="2.809">
<failure message="homepage-cms-performance.spec.ts:351:9 should not block rendering on API calls" type="FAILURE">
<![CDATA[  [edge] › homepage-cms-performance.spec.ts:351:9 › Homepage CMS Performance Tests › API Performance › should not block rendering on API calls 

    Error: expect(received).toBeLessThan(expected)

    Expected: < 1500
    Received:   2115

      359 |       
      360 |       // First paint should be fast (not blocked by API)
    > 361 |       expect(firstPaintTime).toBeLessThan(1500);
          |                              ^
      362 |       
      363 |       console.log(`First paint time: ${firstPaintTime}ms`);
      364 |     });
        at C:\dev\fullstack\next_laravel\nik_studio_2_19\frontend_next\tests\e2e\homepage-cms-performance.spec.ts:361:30

    attachment #1: screenshot (image/png) ──────────────────────────────────────────────────────────
    ..\..\test-results\homepage-cms-performance-H-92f82-lock-rendering-on-API-calls-edge\test-failed-1.png
    ────────────────────────────────────────────────────────────────────────────────────────────────

    attachment #2: video (video/webm) ──────────────────────────────────────────────────────────────
    ..\..\test-results\homepage-cms-performance-H-92f82-lock-rendering-on-API-calls-edge\video.webm
    ────────────────────────────────────────────────────────────────────────────────────────────────

    Error Context: ..\..\test-results\homepage-cms-performance-H-92f82-lock-rendering-on-API-calls-edge\error-context.md
]]>
</failure>
<system-out>
<![CDATA[
[[ATTACHMENT|homepage-cms-performance-H-92f82-lock-rendering-on-API-calls-edge\test-failed-1.png]]

[[ATTACHMENT|homepage-cms-performance-H-92f82-lock-rendering-on-API-calls-edge\video.webm]]

[[ATTACHMENT|homepage-cms-performance-H-92f82-lock-rendering-on-API-calls-edge\error-context.md]]
]]>
</system-out>
</testcase>
<testcase name="Homepage CMS Performance Tests › Lighthouse Score Verification › should maintain acceptable performance score" classname="homepage-cms-performance.spec.ts" time="16.34">
<system-out>
<![CDATA[Images loaded: 43
Sections rendered: 5
]]>
</system-out>
</testcase>
<testcase name="Homepage CMS Performance Tests › Lighthouse Score Verification › should have good SEO structure" classname="homepage-cms-performance.spec.ts" time="18.191">
<system-out>
<![CDATA[Page title: Nik Studio
Meta description: Комплексные решения для промышленных компаний / по...
H1 headings: 1
]]>
</system-out>
</testcase>
<testcase name="Homepage CMS Performance Tests › Lighthouse Score Verification › should maintain accessibility standards" classname="homepage-cms-performance.spec.ts" time="13.655">
<system-out>
<![CDATA[Images with alt text: 10/10
Total headings: 63
]]>
</system-out>
</testcase>
<testcase name="Homepage CMS Performance Tests › Stress Testing › should handle rapid navigation" classname="homepage-cms-performance.spec.ts" time="30.394">
<failure message="homepage-cms-performance.spec.ts:441:9 should handle rapid navigation" type="FAILURE">
<![CDATA[  [edge] › homepage-cms-performance.spec.ts:441:9 › Homepage CMS Performance Tests › Stress Testing › should handle rapid navigation 

    Test timeout of 30000ms exceeded.

    Error: page.goto: Test timeout of 30000ms exceeded.
    Call log:
      - navigating to "http://localhost:3000/", waiting until "load"


      450 |       
      451 |       // Final load should still work
    > 452 |       await page.goto('/');
          |                  ^
      453 |       await page.waitForLoadState('networkidle');
      454 |       await expect(page.locator('body')).toBeVisible();
      455 |     });
        at C:\dev\fullstack\next_laravel\nik_studio_2_19\frontend_next\tests\e2e\homepage-cms-performance.spec.ts:452:18

    attachment #1: screenshot (image/png) ──────────────────────────────────────────────────────────
    ..\..\test-results\homepage-cms-performance-H-1ab0d-uld-handle-rapid-navigation-edge\test-failed-1.png
    ────────────────────────────────────────────────────────────────────────────────────────────────

    attachment #2: video (video/webm) ──────────────────────────────────────────────────────────────
    ..\..\test-results\homepage-cms-performance-H-1ab0d-uld-handle-rapid-navigation-edge\video.webm
    ────────────────────────────────────────────────────────────────────────────────────────────────

    Error Context: ..\..\test-results\homepage-cms-performance-H-1ab0d-uld-handle-rapid-navigation-edge\error-context.md
]]>
</failure>
<system-out>
<![CDATA[
[[ATTACHMENT|homepage-cms-performance-H-1ab0d-uld-handle-rapid-navigation-edge\test-failed-1.png]]

[[ATTACHMENT|homepage-cms-performance-H-1ab0d-uld-handle-rapid-navigation-edge\video.webm]]

[[ATTACHMENT|homepage-cms-performance-H-1ab0d-uld-handle-rapid-navigation-edge\error-context.md]]
]]>
</system-out>
</testcase>
<testcase name="Homepage CMS Performance Tests › Stress Testing › should maintain performance under scroll stress" classname="homepage-cms-performance.spec.ts" time="4.104">
</testcase>
</testsuite>
<testsuite name="homepage-cms-performance.spec.ts" timestamp="2025-10-05T18:09:09.268Z" hostname="Mobile Chrome" tests="22" failures="12" skipped="0" time="387.419" errors="0">
<testcase name="Homepage CMS Performance Tests › Page Load Performance › should load homepage within acceptable time" classname="homepage-cms-performance.spec.ts" time="31.783">
<failure message="homepage-cms-performance.spec.ts:12:9 should load homepage within acceptable time" type="FAILURE">
<![CDATA[  [Mobile Chrome] › homepage-cms-performance.spec.ts:12:9 › Homepage CMS Performance Tests › Page Load Performance › should load homepage within acceptable time 

    Test timeout of 30000ms exceeded.

    Error: page.waitForLoadState: Test timeout of 30000ms exceeded.

      14 |       
      15 |       await page.goto('/');
    > 16 |       await page.waitForLoadState('networkidle');
         |                  ^
      17 |       
      18 |       const loadTime = Date.now() - startTime;
      19 |       
        at C:\dev\fullstack\next_laravel\nik_studio_2_19\frontend_next\tests\e2e\homepage-cms-performance.spec.ts:16:18

    attachment #1: screenshot (image/png) ──────────────────────────────────────────────────────────
    ..\..\test-results\homepage-cms-performance-H-973df-page-within-acceptable-time-Mobile-Chrome\test-failed-1.png
    ────────────────────────────────────────────────────────────────────────────────────────────────

    attachment #2: video (video/webm) ──────────────────────────────────────────────────────────────
    ..\..\test-results\homepage-cms-performance-H-973df-page-within-acceptable-time-Mobile-Chrome\video.webm
    ────────────────────────────────────────────────────────────────────────────────────────────────

    Error Context: ..\..\test-results\homepage-cms-performance-H-973df-page-within-acceptable-time-Mobile-Chrome\error-context.md
]]>
</failure>
<system-out>
<![CDATA[
[[ATTACHMENT|homepage-cms-performance-H-973df-page-within-acceptable-time-Mobile-Chrome\test-failed-1.png]]

[[ATTACHMENT|homepage-cms-performance-H-973df-page-within-acceptable-time-Mobile-Chrome\video.webm]]

[[ATTACHMENT|homepage-cms-performance-H-973df-page-within-acceptable-time-Mobile-Chrome\error-context.md]]
]]>
</system-out>
</testcase>
<testcase name="Homepage CMS Performance Tests › Page Load Performance › should have fast First Contentful Paint" classname="homepage-cms-performance.spec.ts" time="11.489">
<failure message="homepage-cms-performance.spec.ts:26:9 should have fast First Contentful Paint" type="FAILURE">
<![CDATA[  [Mobile Chrome] › homepage-cms-performance.spec.ts:26:9 › Homepage CMS Performance Tests › Page Load Performance › should have fast First Contentful Paint 

    Error: expect(locator).toBeVisible() failed

    Locator:  locator('[class*="hero"], [class*="Hero"]').first()
    Expected: visible
    Received: <element(s) not found>
    Timeout:  2000ms

    Call log:
      - Expect "toBeVisible" with timeout 2000ms
      - waiting for locator('[class*="hero"], [class*="Hero"]').first()


      32 |       // Check that hero section loads quickly
      33 |       const heroSection = page.locator('[class*="hero"], [class*="Hero"]').first();
    > 34 |       await expect(heroSection).toBeVisible({ timeout: 2000 });
         |                                 ^
      35 |     });
      36 |
      37 |     test('should display content without layout shift', async ({ page }) => {
        at C:\dev\fullstack\next_laravel\nik_studio_2_19\frontend_next\tests\e2e\homepage-cms-performance.spec.ts:34:33

    attachment #1: screenshot (image/png) ──────────────────────────────────────────────────────────
    ..\..\test-results\homepage-cms-performance-H-d6278-fast-First-Contentful-Paint-Mobile-Chrome\test-failed-1.png
    ────────────────────────────────────────────────────────────────────────────────────────────────

    attachment #2: video (video/webm) ──────────────────────────────────────────────────────────────
    ..\..\test-results\homepage-cms-performance-H-d6278-fast-First-Contentful-Paint-Mobile-Chrome\video.webm
    ────────────────────────────────────────────────────────────────────────────────────────────────

    Error Context: ..\..\test-results\homepage-cms-performance-H-d6278-fast-First-Contentful-Paint-Mobile-Chrome\error-context.md
]]>
</failure>
<system-out>
<![CDATA[
[[ATTACHMENT|homepage-cms-performance-H-d6278-fast-First-Contentful-Paint-Mobile-Chrome\test-failed-1.png]]

[[ATTACHMENT|homepage-cms-performance-H-d6278-fast-First-Contentful-Paint-Mobile-Chrome\video.webm]]

[[ATTACHMENT|homepage-cms-performance-H-d6278-fast-First-Contentful-Paint-Mobile-Chrome\error-context.md]]
]]>
</system-out>
</testcase>
<testcase name="Homepage CMS Performance Tests › Page Load Performance › should display content without layout shift" classname="homepage-cms-performance.spec.ts" time="32.892">
<failure message="homepage-cms-performance.spec.ts:37:9 should display content without layout shift" type="FAILURE">
<![CDATA[  [Mobile Chrome] › homepage-cms-performance.spec.ts:37:9 › Homepage CMS Performance Tests › Page Load Performance › should display content without layout shift 

    Test timeout of 30000ms exceeded.

    Error: page.waitForLoadState: Test timeout of 30000ms exceeded.

      39 |       
      40 |       // Wait for page to stabilize
    > 41 |       await page.waitForLoadState('networkidle');
         |                  ^
      42 |       
      43 |       // Check that main sections are visible
      44 |       const sections = page.locator('section');
        at C:\dev\fullstack\next_laravel\nik_studio_2_19\frontend_next\tests\e2e\homepage-cms-performance.spec.ts:41:18

    attachment #1: screenshot (image/png) ──────────────────────────────────────────────────────────
    ..\..\test-results\homepage-cms-performance-H-239a1-ontent-without-layout-shift-Mobile-Chrome\test-failed-1.png
    ────────────────────────────────────────────────────────────────────────────────────────────────

    attachment #2: video (video/webm) ──────────────────────────────────────────────────────────────
    ..\..\test-results\homepage-cms-performance-H-239a1-ontent-without-layout-shift-Mobile-Chrome\video.webm
    ────────────────────────────────────────────────────────────────────────────────────────────────

    Error Context: ..\..\test-results\homepage-cms-performance-H-239a1-ontent-without-layout-shift-Mobile-Chrome\error-context.md
]]>
</failure>
<system-out>
<![CDATA[
[[ATTACHMENT|homepage-cms-performance-H-239a1-ontent-without-layout-shift-Mobile-Chrome\test-failed-1.png]]

[[ATTACHMENT|homepage-cms-performance-H-239a1-ontent-without-layout-shift-Mobile-Chrome\video.webm]]

[[ATTACHMENT|homepage-cms-performance-H-239a1-ontent-without-layout-shift-Mobile-Chrome\error-context.md]]
]]>
</system-out>
</testcase>
<testcase name="Homepage CMS Performance Tests › ISR Caching Behavior › should serve homepage from ISR cache on second visit" classname="homepage-cms-performance.spec.ts" time="23.136">
<failure message="homepage-cms-performance.spec.ts:57:9 should serve homepage from ISR cache on second visit" type="FAILURE">
<![CDATA[  [Mobile Chrome] › homepage-cms-performance.spec.ts:57:9 › Homepage CMS Performance Tests › ISR Caching Behavior › should serve homepage from ISR cache on second visit 

    Error: expect(received).toBeLessThan(expected)

    Expected: < 2000
    Received:   3140

      73 |       
      74 |       // Cached load should be fast (under 2 seconds)
    > 75 |       expect(cachedLoadTime).toBeLessThan(2000);
         |                              ^
      76 |       
      77 |       console.log(`Cached homepage load time: ${cachedLoadTime}ms`);
      78 |     });
        at C:\dev\fullstack\next_laravel\nik_studio_2_19\frontend_next\tests\e2e\homepage-cms-performance.spec.ts:75:30

    attachment #1: screenshot (image/png) ──────────────────────────────────────────────────────────
    ..\..\test-results\homepage-cms-performance-H-80841-m-ISR-cache-on-second-visit-Mobile-Chrome\test-failed-1.png
    ────────────────────────────────────────────────────────────────────────────────────────────────

    attachment #2: video (video/webm) ──────────────────────────────────────────────────────────────
    ..\..\test-results\homepage-cms-performance-H-80841-m-ISR-cache-on-second-visit-Mobile-Chrome\video.webm
    ────────────────────────────────────────────────────────────────────────────────────────────────

    Error Context: ..\..\test-results\homepage-cms-performance-H-80841-m-ISR-cache-on-second-visit-Mobile-Chrome\error-context.md
]]>
</failure>
<system-out>
<![CDATA[
[[ATTACHMENT|homepage-cms-performance-H-80841-m-ISR-cache-on-second-visit-Mobile-Chrome\test-failed-1.png]]

[[ATTACHMENT|homepage-cms-performance-H-80841-m-ISR-cache-on-second-visit-Mobile-Chrome\video.webm]]

[[ATTACHMENT|homepage-cms-performance-H-80841-m-ISR-cache-on-second-visit-Mobile-Chrome\error-context.md]]
]]>
</system-out>
</testcase>
<testcase name="Homepage CMS Performance Tests › ISR Caching Behavior › should maintain ISR cache across multiple visits" classname="homepage-cms-performance.spec.ts" time="31.972">
<failure message="homepage-cms-performance.spec.ts:80:9 should maintain ISR cache across multiple visits" type="FAILURE">
<![CDATA[  [Mobile Chrome] › homepage-cms-performance.spec.ts:80:9 › Homepage CMS Performance Tests › ISR Caching Behavior › should maintain ISR cache across multiple visits 

    Test timeout of 30000ms exceeded.

    Error: page.waitForLoadState: Test timeout of 30000ms exceeded.

      85 |         const startTime = Date.now();
      86 |         await page.goto('/');
    > 87 |         await page.waitForLoadState('networkidle');
         |                    ^
      88 |         const loadTime = Date.now() - startTime;
      89 |         
      90 |         loadTimes.push(loadTime);
        at C:\dev\fullstack\next_laravel\nik_studio_2_19\frontend_next\tests\e2e\homepage-cms-performance.spec.ts:87:20

    attachment #1: screenshot (image/png) ──────────────────────────────────────────────────────────
    ..\..\test-results\homepage-cms-performance-H-9812d-ache-across-multiple-visits-Mobile-Chrome\test-failed-1.png
    ────────────────────────────────────────────────────────────────────────────────────────────────

    attachment #2: video (video/webm) ──────────────────────────────────────────────────────────────
    ..\..\test-results\homepage-cms-performance-H-9812d-ache-across-multiple-visits-Mobile-Chrome\video.webm
    ────────────────────────────────────────────────────────────────────────────────────────────────

    Error Context: ..\..\test-results\homepage-cms-performance-H-9812d-ache-across-multiple-visits-Mobile-Chrome\error-context.md
]]>
</failure>
<system-out>
<![CDATA[
[[ATTACHMENT|homepage-cms-performance-H-9812d-ache-across-multiple-visits-Mobile-Chrome\test-failed-1.png]]

[[ATTACHMENT|homepage-cms-performance-H-9812d-ache-across-multiple-visits-Mobile-Chrome\video.webm]]

[[ATTACHMENT|homepage-cms-performance-H-9812d-ache-across-multiple-visits-Mobile-Chrome\error-context.md]]
]]>
</system-out>
</testcase>
<testcase name="Homepage CMS Performance Tests › ISR Caching Behavior › should have 30-minute revalidation period" classname="homepage-cms-performance.spec.ts" time="4.985">
<system-out>
<![CDATA[Cache-Control: no-store, must-revalidate
X-Nextjs-Cache: [90mundefined[39m
]]>
</system-out>
</testcase>
<testcase name="Homepage CMS Performance Tests › CMS Content Loading › should load all CMS sections without errors" classname="homepage-cms-performance.spec.ts" time="29.355">
<failure message="homepage-cms-performance.spec.ts:131:9 should load all CMS sections without errors" type="FAILURE">
<![CDATA[  [Mobile Chrome] › homepage-cms-performance.spec.ts:131:9 › Homepage CMS Performance Tests › CMS Content Loading › should load all CMS sections without errors 

    Error: expect(locator).toBeVisible() failed

    Locator:  locator('[class*="hero"], [class*="Hero"]').first()
    Expected: visible
    Received: <element(s) not found>
    Timeout:  3000ms

    Call log:
      - Expect "toBeVisible" with timeout 3000ms
      - waiting for locator('[class*="hero"], [class*="Hero"]').first()


      140 |       
      141 |       // All sections should be visible
    > 142 |       await expect(heroSection).toBeVisible({ timeout: 3000 });
          |                                 ^
      143 |       await expect(mainContentSection).toBeVisible({ timeout: 3000 });
      144 |       
      145 |       // Services and testimonials may be lazy loaded
        at C:\dev\fullstack\next_laravel\nik_studio_2_19\frontend_next\tests\e2e\homepage-cms-performance.spec.ts:142:33

    attachment #1: screenshot (image/png) ──────────────────────────────────────────────────────────
    ..\..\test-results\homepage-cms-performance-H-dc94c-CMS-sections-without-errors-Mobile-Chrome\test-failed-1.png
    ────────────────────────────────────────────────────────────────────────────────────────────────

    attachment #2: video (video/webm) ──────────────────────────────────────────────────────────────
    ..\..\test-results\homepage-cms-performance-H-dc94c-CMS-sections-without-errors-Mobile-Chrome\video.webm
    ────────────────────────────────────────────────────────────────────────────────────────────────

    Error Context: ..\..\test-results\homepage-cms-performance-H-dc94c-CMS-sections-without-errors-Mobile-Chrome\error-context.md
]]>
</failure>
<system-out>
<![CDATA[
[[ATTACHMENT|homepage-cms-performance-H-dc94c-CMS-sections-without-errors-Mobile-Chrome\test-failed-1.png]]

[[ATTACHMENT|homepage-cms-performance-H-dc94c-CMS-sections-without-errors-Mobile-Chrome\video.webm]]

[[ATTACHMENT|homepage-cms-performance-H-dc94c-CMS-sections-without-errors-Mobile-Chrome\error-context.md]]
]]>
</system-out>
</testcase>
<testcase name="Homepage CMS Performance Tests › CMS Content Loading › should load images efficiently" classname="homepage-cms-performance.spec.ts" time="19.33">
<system-out>
<![CDATA[Image 1: src=/images/header/logo_header.svg...
Image 2: src=/images/header/burger.svg...
Image 3: src=/_next/image?url=%2Fimages%2Fhome%2Fhero-image.png...
Image 4: src=/images/home/nik-logo-hero.svg...
Image 5: src=/_next/image?url=http%3A%2F%2Flocalhost%3A8000%2Fs...
]]>
</system-out>
</testcase>
<testcase name="Homepage CMS Performance Tests › CMS Content Loading › should handle fallback content gracefully" classname="homepage-cms-performance.spec.ts" time="29.317">
<failure message="homepage-cms-performance.spec.ts:177:9 should handle fallback content gracefully" type="FAILURE">
<![CDATA[  [Mobile Chrome] › homepage-cms-performance.spec.ts:177:9 › Homepage CMS Performance Tests › CMS Content Loading › should handle fallback content gracefully 

    Error: expect(locator).toBeVisible() failed

    Locator:  locator('[class*="hero"], [class*="Hero"]').first()
    Expected: visible
    Received: <element(s) not found>
    Timeout:  10000ms

    Call log:
      - Expect "toBeVisible" with timeout 10000ms
      - waiting for locator('[class*="hero"], [class*="Hero"]').first()


      185 |       // Hero section should have content (either from API or fallback)
      186 |       const heroSection = page.locator('[class*="hero"], [class*="Hero"]').first();
    > 187 |       await expect(heroSection).toBeVisible();
          |                                 ^
      188 |       
      189 |       const heroText = await heroSection.textContent();
      190 |       expect(heroText).toBeTruthy();
        at C:\dev\fullstack\next_laravel\nik_studio_2_19\frontend_next\tests\e2e\homepage-cms-performance.spec.ts:187:33

    attachment #1: screenshot (image/png) ──────────────────────────────────────────────────────────
    ..\..\test-results\homepage-cms-performance-H-f9129-fallback-content-gracefully-Mobile-Chrome\test-failed-1.png
    ────────────────────────────────────────────────────────────────────────────────────────────────

    attachment #2: video (video/webm) ──────────────────────────────────────────────────────────────
    ..\..\test-results\homepage-cms-performance-H-f9129-fallback-content-gracefully-Mobile-Chrome\video.webm
    ────────────────────────────────────────────────────────────────────────────────────────────────

    Error Context: ..\..\test-results\homepage-cms-performance-H-f9129-fallback-content-gracefully-Mobile-Chrome\error-context.md
]]>
</failure>
<system-out>
<![CDATA[
[[ATTACHMENT|homepage-cms-performance-H-f9129-fallback-content-gracefully-Mobile-Chrome\test-failed-1.png]]

[[ATTACHMENT|homepage-cms-performance-H-f9129-fallback-content-gracefully-Mobile-Chrome\video.webm]]

[[ATTACHMENT|homepage-cms-performance-H-f9129-fallback-content-gracefully-Mobile-Chrome\error-context.md]]
]]>
</system-out>
</testcase>
<testcase name="Homepage CMS Performance Tests › Performance Metrics › should have acceptable Time to Interactive" classname="homepage-cms-performance.spec.ts" time="5.505">
<failure message="homepage-cms-performance.spec.ts:196:9 should have acceptable Time to Interactive" type="FAILURE">
<![CDATA[  [Mobile Chrome] › homepage-cms-performance.spec.ts:196:9 › Homepage CMS Performance Tests › Performance Metrics › should have acceptable Time to Interactive 

    Error: expect(received).toBeLessThan(expected)

    Expected: < 2000
    Received:   3115

      207 |       
      208 |       // DOM should load quickly
    > 209 |       expect(domLoadTime).toBeLessThan(2000);
          |                           ^
      210 |       
      211 |       // Page should be interactive quickly
      212 |       expect(interactiveTime).toBeLessThan(3000);
        at C:\dev\fullstack\next_laravel\nik_studio_2_19\frontend_next\tests\e2e\homepage-cms-performance.spec.ts:209:27

    attachment #1: screenshot (image/png) ──────────────────────────────────────────────────────────
    ..\..\test-results\homepage-cms-performance-H-72a16-eptable-Time-to-Interactive-Mobile-Chrome\test-failed-1.png
    ────────────────────────────────────────────────────────────────────────────────────────────────

    attachment #2: video (video/webm) ──────────────────────────────────────────────────────────────
    ..\..\test-results\homepage-cms-performance-H-72a16-eptable-Time-to-Interactive-Mobile-Chrome\video.webm
    ────────────────────────────────────────────────────────────────────────────────────────────────

    Error Context: ..\..\test-results\homepage-cms-performance-H-72a16-eptable-Time-to-Interactive-Mobile-Chrome\error-context.md
]]>
</failure>
<system-out>
<![CDATA[
[[ATTACHMENT|homepage-cms-performance-H-72a16-eptable-Time-to-Interactive-Mobile-Chrome\test-failed-1.png]]

[[ATTACHMENT|homepage-cms-performance-H-72a16-eptable-Time-to-Interactive-Mobile-Chrome\video.webm]]

[[ATTACHMENT|homepage-cms-performance-H-72a16-eptable-Time-to-Interactive-Mobile-Chrome\error-context.md]]
]]>
</system-out>
</testcase>
<testcase name="Homepage CMS Performance Tests › Performance Metrics › should maintain performance with client-side interactions" classname="homepage-cms-performance.spec.ts" time="5.761">
<failure message="homepage-cms-performance.spec.ts:218:9 should maintain performance with client-side interactions" type="FAILURE">
<![CDATA[  [Mobile Chrome] › homepage-cms-performance.spec.ts:218:9 › Homepage CMS Performance Tests › Performance Metrics › should maintain performance with client-side interactions 

    Error: expect(received).toBeLessThan(expected)

    Expected: < 500
    Received:   633

      234 |           
      235 |           // Click should respond quickly
    > 236 |           expect(clickResponseTime).toBeLessThan(500);
          |                                     ^
      237 |           
      238 |           console.log(`Button click response time: ${clickResponseTime}ms`);
      239 |         }
        at C:\dev\fullstack\next_laravel\nik_studio_2_19\frontend_next\tests\e2e\homepage-cms-performance.spec.ts:236:37

    attachment #1: screenshot (image/png) ──────────────────────────────────────────────────────────
    ..\..\test-results\homepage-cms-performance-H-f3a1e-th-client-side-interactions-Mobile-Chrome\test-failed-1.png
    ────────────────────────────────────────────────────────────────────────────────────────────────

    attachment #2: video (video/webm) ──────────────────────────────────────────────────────────────
    ..\..\test-results\homepage-cms-performance-H-f3a1e-th-client-side-interactions-Mobile-Chrome\video.webm
    ────────────────────────────────────────────────────────────────────────────────────────────────

    Error Context: ..\..\test-results\homepage-cms-performance-H-f3a1e-th-client-side-interactions-Mobile-Chrome\error-context.md
]]>
</failure>
<system-out>
<![CDATA[
[[ATTACHMENT|homepage-cms-performance-H-f3a1e-th-client-side-interactions-Mobile-Chrome\test-failed-1.png]]

[[ATTACHMENT|homepage-cms-performance-H-f3a1e-th-client-side-interactions-Mobile-Chrome\video.webm]]

[[ATTACHMENT|homepage-cms-performance-H-f3a1e-th-client-side-interactions-Mobile-Chrome\error-context.md]]
]]>
</system-out>
</testcase>
<testcase name="Homepage CMS Performance Tests › Performance Metrics › should load without blocking resources" classname="homepage-cms-performance.spec.ts" time="5.498">
<system-out>
<![CDATA[Blocking resources loaded: 6
]]>
</system-out>
</testcase>
<testcase name="Homepage CMS Performance Tests › Resource Optimization › should use optimized images" classname="homepage-cms-performance.spec.ts" time="4.99">
<system-out>
<![CDATA[Image loading strategy: null
]]>
</system-out>
</testcase>
<testcase name="Homepage CMS Performance Tests › Resource Optimization › should lazy load below-the-fold content" classname="homepage-cms-performance.spec.ts" time="5.193">
<failure message="homepage-cms-performance.spec.ts:287:9 should lazy load below-the-fold content" type="FAILURE">
<![CDATA[  [Mobile Chrome] › homepage-cms-performance.spec.ts:287:9 › Homepage CMS Performance Tests › Resource Optimization › should lazy load below-the-fold content 

    Error: expect(locator).toBeVisible() failed

    Locator:  locator('[class*="hero"], [class*="Hero"]').first()
    Expected: visible
    Received: <element(s) not found>
    Timeout:  1000ms

    Call log:
      - Expect "toBeVisible" with timeout 1000ms
      - waiting for locator('[class*="hero"], [class*="Hero"]').first()


      293 |       // Check that hero is visible immediately
      294 |       const heroSection = page.locator('[class*="hero"], [class*="Hero"]').first();
    > 295 |       await expect(heroSection).toBeVisible({ timeout: 1000 });
          |                                 ^
      296 |       
      297 |       // Scroll to trigger lazy loading
      298 |       await page.evaluate(() => window.scrollTo(0, document.body.scrollHeight / 2));
        at C:\dev\fullstack\next_laravel\nik_studio_2_19\frontend_next\tests\e2e\homepage-cms-performance.spec.ts:295:33

    attachment #1: screenshot (image/png) ──────────────────────────────────────────────────────────
    ..\..\test-results\homepage-cms-performance-H-590ec-load-below-the-fold-content-Mobile-Chrome\test-failed-1.png
    ────────────────────────────────────────────────────────────────────────────────────────────────

    attachment #2: video (video/webm) ──────────────────────────────────────────────────────────────
    ..\..\test-results\homepage-cms-performance-H-590ec-load-below-the-fold-content-Mobile-Chrome\video.webm
    ────────────────────────────────────────────────────────────────────────────────────────────────

    Error Context: ..\..\test-results\homepage-cms-performance-H-590ec-load-below-the-fold-content-Mobile-Chrome\error-context.md
]]>
</failure>
<system-out>
<![CDATA[
[[ATTACHMENT|homepage-cms-performance-H-590ec-load-below-the-fold-content-Mobile-Chrome\test-failed-1.png]]

[[ATTACHMENT|homepage-cms-performance-H-590ec-load-below-the-fold-content-Mobile-Chrome\video.webm]]

[[ATTACHMENT|homepage-cms-performance-H-590ec-load-below-the-fold-content-Mobile-Chrome\error-context.md]]
]]>
</system-out>
</testcase>
<testcase name="Homepage CMS Performance Tests › Resource Optimization › should minimize JavaScript bundle size impact" classname="homepage-cms-performance.spec.ts" time="32.179">
<system-out>
<![CDATA[JavaScript files loaded: 8
]]>
</system-out>
</testcase>
<testcase name="Homepage CMS Performance Tests › API Performance › should handle API requests efficiently" classname="homepage-cms-performance.spec.ts" time="8.216">
<failure message="homepage-cms-performance.spec.ts:325:9 should handle API requests efficiently" type="FAILURE">
<![CDATA[  [Mobile Chrome] › homepage-cms-performance.spec.ts:325:9 › Homepage CMS Performance Tests › API Performance › should handle API requests efficiently 

    TypeError: response.timing is not a function

      328 |       page.on('response', async response => {
      329 |         if (response.url().includes('/api/')) {
    > 330 |           const timing = response.timing();
          |                                   ^
      331 |           apiRequests.push({
      332 |             url: response.url(),
      333 |             time: timing.responseEnd
        at Page.<anonymous> (C:\dev\fullstack\next_laravel\nik_studio_2_19\frontend_next\tests\e2e\homepage-cms-performance.spec.ts:330:35)

    Error: page.waitForLoadState: Test ended.

      337 |       
      338 |       await page.goto('/');
    > 339 |       await page.waitForLoadState('networkidle');
          |                  ^
      340 |       
      341 |       // Log API requests
      342 |       console.log(`API requests made: ${apiRequests.length}`);
        at C:\dev\fullstack\next_laravel\nik_studio_2_19\frontend_next\tests\e2e\homepage-cms-performance.spec.ts:339:18

    attachment #1: screenshot (image/png) ──────────────────────────────────────────────────────────
    ..\..\test-results\homepage-cms-performance-H-3de7f-le-API-requests-efficiently-Mobile-Chrome\test-failed-1.png
    ────────────────────────────────────────────────────────────────────────────────────────────────

    attachment #2: video (video/webm) ──────────────────────────────────────────────────────────────
    ..\..\test-results\homepage-cms-performance-H-3de7f-le-API-requests-efficiently-Mobile-Chrome\video.webm
    ────────────────────────────────────────────────────────────────────────────────────────────────

    Error Context: ..\..\test-results\homepage-cms-performance-H-3de7f-le-API-requests-efficiently-Mobile-Chrome\error-context.md
]]>
</failure>
<system-out>
<![CDATA[
[[ATTACHMENT|homepage-cms-performance-H-3de7f-le-API-requests-efficiently-Mobile-Chrome\test-failed-1.png]]

[[ATTACHMENT|homepage-cms-performance-H-3de7f-le-API-requests-efficiently-Mobile-Chrome\video.webm]]

[[ATTACHMENT|homepage-cms-performance-H-3de7f-le-API-requests-efficiently-Mobile-Chrome\error-context.md]]
]]>
</system-out>
</testcase>
<testcase name="Homepage CMS Performance Tests › API Performance › should not block rendering on API calls" classname="homepage-cms-performance.spec.ts" time="6.144">
<failure message="homepage-cms-performance.spec.ts:351:9 should not block rendering on API calls" type="FAILURE">
<![CDATA[  [Mobile Chrome] › homepage-cms-performance.spec.ts:351:9 › Homepage CMS Performance Tests › API Performance › should not block rendering on API calls 

    Error: expect(received).toBeLessThan(expected)

    Expected: < 1500
    Received:   4787

      359 |       
      360 |       // First paint should be fast (not blocked by API)
    > 361 |       expect(firstPaintTime).toBeLessThan(1500);
          |                              ^
      362 |       
      363 |       console.log(`First paint time: ${firstPaintTime}ms`);
      364 |     });
        at C:\dev\fullstack\next_laravel\nik_studio_2_19\frontend_next\tests\e2e\homepage-cms-performance.spec.ts:361:30

    attachment #1: screenshot (image/png) ──────────────────────────────────────────────────────────
    ..\..\test-results\homepage-cms-performance-H-92f82-lock-rendering-on-API-calls-Mobile-Chrome\test-failed-1.png
    ────────────────────────────────────────────────────────────────────────────────────────────────

    attachment #2: video (video/webm) ──────────────────────────────────────────────────────────────
    ..\..\test-results\homepage-cms-performance-H-92f82-lock-rendering-on-API-calls-Mobile-Chrome\video.webm
    ────────────────────────────────────────────────────────────────────────────────────────────────

    Error Context: ..\..\test-results\homepage-cms-performance-H-92f82-lock-rendering-on-API-calls-Mobile-Chrome\error-context.md
]]>
</failure>
<system-out>
<![CDATA[
[[ATTACHMENT|homepage-cms-performance-H-92f82-lock-rendering-on-API-calls-Mobile-Chrome\test-failed-1.png]]

[[ATTACHMENT|homepage-cms-performance-H-92f82-lock-rendering-on-API-calls-Mobile-Chrome\video.webm]]

[[ATTACHMENT|homepage-cms-performance-H-92f82-lock-rendering-on-API-calls-Mobile-Chrome\error-context.md]]
]]>
</system-out>
</testcase>
<testcase name="Homepage CMS Performance Tests › Lighthouse Score Verification › should maintain acceptable performance score" classname="homepage-cms-performance.spec.ts" time="25.571">
<system-out>
<![CDATA[Images loaded: 43
Sections rendered: 5
]]>
</system-out>
</testcase>
<testcase name="Homepage CMS Performance Tests › Lighthouse Score Verification › should have good SEO structure" classname="homepage-cms-performance.spec.ts" time="20.705">
<system-out>
<![CDATA[Page title: Nik Studio
Meta description: Комплексные решения для промышленных компаний / по...
H1 headings: 1
]]>
</system-out>
</testcase>
<testcase name="Homepage CMS Performance Tests › Lighthouse Score Verification › should maintain accessibility standards" classname="homepage-cms-performance.spec.ts" time="18.61">
<system-out>
<![CDATA[Images with alt text: 10/10
Total headings: 63
]]>
</system-out>
</testcase>
<testcase name="Homepage CMS Performance Tests › Stress Testing › should handle rapid navigation" classname="homepage-cms-performance.spec.ts" time="29.63">
</testcase>
<testcase name="Homepage CMS Performance Tests › Stress Testing › should maintain performance under scroll stress" classname="homepage-cms-performance.spec.ts" time="5.158">
</testcase>
</testsuite>
<testsuite name="homepage-cms-performance.spec.ts" timestamp="2025-10-05T18:09:09.268Z" hostname="Mobile Safari" tests="22" failures="22" skipped="0" time="0.526" errors="0">
<testcase name="Homepage CMS Performance Tests › Page Load Performance › should load homepage within acceptable time" classname="homepage-cms-performance.spec.ts" time="0.031">
<failure message="homepage-cms-performance.spec.ts:12:9 should load homepage within acceptable time" type="FAILURE">
<![CDATA[  [Mobile Safari] › homepage-cms-performance.spec.ts:12:9 › Homepage CMS Performance Tests › Page Load Performance › should load homepage within acceptable time 

    Error: browserType.launch: Executable doesn't exist at C:\Users\illif\AppData\Local\ms-playwright\webkit-2203\Playwright.exe
    ╔═════════════════════════════════════════════════════════════════════════╗
    ║ Looks like Playwright Test or Playwright was just installed or updated. ║
    ║ Please run the following command to download new browsers:              ║
    ║                                                                         ║
    ║     npx playwright install                                              ║
    ║                                                                         ║
    ║ <3 Playwright Team                                                      ║
    ╚═════════════════════════════════════════════════════════════════════════╝
]]>
</failure>
</testcase>
<testcase name="Homepage CMS Performance Tests › Page Load Performance › should have fast First Contentful Paint" classname="homepage-cms-performance.spec.ts" time="0.03">
<failure message="homepage-cms-performance.spec.ts:26:9 should have fast First Contentful Paint" type="FAILURE">
<![CDATA[  [Mobile Safari] › homepage-cms-performance.spec.ts:26:9 › Homepage CMS Performance Tests › Page Load Performance › should have fast First Contentful Paint 

    Error: browserType.launch: Executable doesn't exist at C:\Users\illif\AppData\Local\ms-playwright\webkit-2203\Playwright.exe
    ╔═════════════════════════════════════════════════════════════════════════╗
    ║ Looks like Playwright Test or Playwright was just installed or updated. ║
    ║ Please run the following command to download new browsers:              ║
    ║                                                                         ║
    ║     npx playwright install                                              ║
    ║                                                                         ║
    ║ <3 Playwright Team                                                      ║
    ╚═════════════════════════════════════════════════════════════════════════╝
]]>
</failure>
</testcase>
<testcase name="Homepage CMS Performance Tests › Page Load Performance › should display content without layout shift" classname="homepage-cms-performance.spec.ts" time="0.033">
<failure message="homepage-cms-performance.spec.ts:37:9 should display content without layout shift" type="FAILURE">
<![CDATA[  [Mobile Safari] › homepage-cms-performance.spec.ts:37:9 › Homepage CMS Performance Tests › Page Load Performance › should display content without layout shift 

    Error: browserType.launch: Executable doesn't exist at C:\Users\illif\AppData\Local\ms-playwright\webkit-2203\Playwright.exe
    ╔═════════════════════════════════════════════════════════════════════════╗
    ║ Looks like Playwright Test or Playwright was just installed or updated. ║
    ║ Please run the following command to download new browsers:              ║
    ║                                                                         ║
    ║     npx playwright install                                              ║
    ║                                                                         ║
    ║ <3 Playwright Team                                                      ║
    ╚═════════════════════════════════════════════════════════════════════════╝
]]>
</failure>
</testcase>
<testcase name="Homepage CMS Performance Tests › ISR Caching Behavior › should serve homepage from ISR cache on second visit" classname="homepage-cms-performance.spec.ts" time="0.019">
<failure message="homepage-cms-performance.spec.ts:57:9 should serve homepage from ISR cache on second visit" type="FAILURE">
<![CDATA[  [Mobile Safari] › homepage-cms-performance.spec.ts:57:9 › Homepage CMS Performance Tests › ISR Caching Behavior › should serve homepage from ISR cache on second visit 

    Error: browserType.launch: Executable doesn't exist at C:\Users\illif\AppData\Local\ms-playwright\webkit-2203\Playwright.exe
    ╔═════════════════════════════════════════════════════════════════════════╗
    ║ Looks like Playwright Test or Playwright was just installed or updated. ║
    ║ Please run the following command to download new browsers:              ║
    ║                                                                         ║
    ║     npx playwright install                                              ║
    ║                                                                         ║
    ║ <3 Playwright Team                                                      ║
    ╚═════════════════════════════════════════════════════════════════════════╝
]]>
</failure>
</testcase>
<testcase name="Homepage CMS Performance Tests › ISR Caching Behavior › should maintain ISR cache across multiple visits" classname="homepage-cms-performance.spec.ts" time="0.021">
<failure message="homepage-cms-performance.spec.ts:80:9 should maintain ISR cache across multiple visits" type="FAILURE">
<![CDATA[  [Mobile Safari] › homepage-cms-performance.spec.ts:80:9 › Homepage CMS Performance Tests › ISR Caching Behavior › should maintain ISR cache across multiple visits 

    Error: browserType.launch: Executable doesn't exist at C:\Users\illif\AppData\Local\ms-playwright\webkit-2203\Playwright.exe
    ╔═════════════════════════════════════════════════════════════════════════╗
    ║ Looks like Playwright Test or Playwright was just installed or updated. ║
    ║ Please run the following command to download new browsers:              ║
    ║                                                                         ║
    ║     npx playwright install                                              ║
    ║                                                                         ║
    ║ <3 Playwright Team                                                      ║
    ╚═════════════════════════════════════════════════════════════════════════╝
]]>
</failure>
</testcase>
<testcase name="Homepage CMS Performance Tests › ISR Caching Behavior › should have 30-minute revalidation period" classname="homepage-cms-performance.spec.ts" time="0.015">
<failure message="homepage-cms-performance.spec.ts:106:9 should have 30-minute revalidation period" type="FAILURE">
<![CDATA[  [Mobile Safari] › homepage-cms-performance.spec.ts:106:9 › Homepage CMS Performance Tests › ISR Caching Behavior › should have 30-minute revalidation period 

    Error: browserType.launch: Executable doesn't exist at C:\Users\illif\AppData\Local\ms-playwright\webkit-2203\Playwright.exe
    ╔═════════════════════════════════════════════════════════════════════════╗
    ║ Looks like Playwright Test or Playwright was just installed or updated. ║
    ║ Please run the following command to download new browsers:              ║
    ║                                                                         ║
    ║     npx playwright install                                              ║
    ║                                                                         ║
    ║ <3 Playwright Team                                                      ║
    ╚═════════════════════════════════════════════════════════════════════════╝
]]>
</failure>
</testcase>
<testcase name="Homepage CMS Performance Tests › CMS Content Loading › should load all CMS sections without errors" classname="homepage-cms-performance.spec.ts" time="0.016">
<failure message="homepage-cms-performance.spec.ts:131:9 should load all CMS sections without errors" type="FAILURE">
<![CDATA[  [Mobile Safari] › homepage-cms-performance.spec.ts:131:9 › Homepage CMS Performance Tests › CMS Content Loading › should load all CMS sections without errors 

    Error: browserType.launch: Executable doesn't exist at C:\Users\illif\AppData\Local\ms-playwright\webkit-2203\Playwright.exe
    ╔═════════════════════════════════════════════════════════════════════════╗
    ║ Looks like Playwright Test or Playwright was just installed or updated. ║
    ║ Please run the following command to download new browsers:              ║
    ║                                                                         ║
    ║     npx playwright install                                              ║
    ║                                                                         ║
    ║ <3 Playwright Team                                                      ║
    ╚═════════════════════════════════════════════════════════════════════════╝
]]>
</failure>
</testcase>
<testcase name="Homepage CMS Performance Tests › CMS Content Loading › should load images efficiently" classname="homepage-cms-performance.spec.ts" time="0.038">
<failure message="homepage-cms-performance.spec.ts:153:9 should load images efficiently" type="FAILURE">
<![CDATA[  [Mobile Safari] › homepage-cms-performance.spec.ts:153:9 › Homepage CMS Performance Tests › CMS Content Loading › should load images efficiently 

    Error: browserType.launch: Executable doesn't exist at C:\Users\illif\AppData\Local\ms-playwright\webkit-2203\Playwright.exe
    ╔═════════════════════════════════════════════════════════════════════════╗
    ║ Looks like Playwright Test or Playwright was just installed or updated. ║
    ║ Please run the following command to download new browsers:              ║
    ║                                                                         ║
    ║     npx playwright install                                              ║
    ║                                                                         ║
    ║ <3 Playwright Team                                                      ║
    ╚═════════════════════════════════════════════════════════════════════════╝
]]>
</failure>
</testcase>
<testcase name="Homepage CMS Performance Tests › CMS Content Loading › should handle fallback content gracefully" classname="homepage-cms-performance.spec.ts" time="0.017">
<failure message="homepage-cms-performance.spec.ts:177:9 should handle fallback content gracefully" type="FAILURE">
<![CDATA[  [Mobile Safari] › homepage-cms-performance.spec.ts:177:9 › Homepage CMS Performance Tests › CMS Content Loading › should handle fallback content gracefully 

    Error: browserType.launch: Executable doesn't exist at C:\Users\illif\AppData\Local\ms-playwright\webkit-2203\Playwright.exe
    ╔═════════════════════════════════════════════════════════════════════════╗
    ║ Looks like Playwright Test or Playwright was just installed or updated. ║
    ║ Please run the following command to download new browsers:              ║
    ║                                                                         ║
    ║     npx playwright install                                              ║
    ║                                                                         ║
    ║ <3 Playwright Team                                                      ║
    ╚═════════════════════════════════════════════════════════════════════════╝
]]>
</failure>
</testcase>
<testcase name="Homepage CMS Performance Tests › Performance Metrics › should have acceptable Time to Interactive" classname="homepage-cms-performance.spec.ts" time="0.021">
<failure message="homepage-cms-performance.spec.ts:196:9 should have acceptable Time to Interactive" type="FAILURE">
<![CDATA[  [Mobile Safari] › homepage-cms-performance.spec.ts:196:9 › Homepage CMS Performance Tests › Performance Metrics › should have acceptable Time to Interactive 

    Error: browserType.launch: Executable doesn't exist at C:\Users\illif\AppData\Local\ms-playwright\webkit-2203\Playwright.exe
    ╔═════════════════════════════════════════════════════════════════════════╗
    ║ Looks like Playwright Test or Playwright was just installed or updated. ║
    ║ Please run the following command to download new browsers:              ║
    ║                                                                         ║
    ║     npx playwright install                                              ║
    ║                                                                         ║
    ║ <3 Playwright Team                                                      ║
    ╚═════════════════════════════════════════════════════════════════════════╝
]]>
</failure>
</testcase>
<testcase name="Homepage CMS Performance Tests › Performance Metrics › should maintain performance with client-side interactions" classname="homepage-cms-performance.spec.ts" time="0.018">
<failure message="homepage-cms-performance.spec.ts:218:9 should maintain performance with client-side interactions" type="FAILURE">
<![CDATA[  [Mobile Safari] › homepage-cms-performance.spec.ts:218:9 › Homepage CMS Performance Tests › Performance Metrics › should maintain performance with client-side interactions 

    Error: browserType.launch: Executable doesn't exist at C:\Users\illif\AppData\Local\ms-playwright\webkit-2203\Playwright.exe
    ╔═════════════════════════════════════════════════════════════════════════╗
    ║ Looks like Playwright Test or Playwright was just installed or updated. ║
    ║ Please run the following command to download new browsers:              ║
    ║                                                                         ║
    ║     npx playwright install                                              ║
    ║                                                                         ║
    ║ <3 Playwright Team                                                      ║
    ╚═════════════════════════════════════════════════════════════════════════╝
]]>
</failure>
</testcase>
<testcase name="Homepage CMS Performance Tests › Performance Metrics › should load without blocking resources" classname="homepage-cms-performance.spec.ts" time="0.055">
<failure message="homepage-cms-performance.spec.ts:243:9 should load without blocking resources" type="FAILURE">
<![CDATA[  [Mobile Safari] › homepage-cms-performance.spec.ts:243:9 › Homepage CMS Performance Tests › Performance Metrics › should load without blocking resources 

    Error: browserType.launch: Executable doesn't exist at C:\Users\illif\AppData\Local\ms-playwright\webkit-2203\Playwright.exe
    ╔═════════════════════════════════════════════════════════════════════════╗
    ║ Looks like Playwright Test or Playwright was just installed or updated. ║
    ║ Please run the following command to download new browsers:              ║
    ║                                                                         ║
    ║     npx playwright install                                              ║
    ║                                                                         ║
    ║ <3 Playwright Team                                                      ║
    ╚═════════════════════════════════════════════════════════════════════════╝
]]>
</failure>
</testcase>
<testcase name="Homepage CMS Performance Tests › Resource Optimization › should use optimized images" classname="homepage-cms-performance.spec.ts" time="0.024">
<failure message="homepage-cms-performance.spec.ts:266:9 should use optimized images" type="FAILURE">
<![CDATA[  [Mobile Safari] › homepage-cms-performance.spec.ts:266:9 › Homepage CMS Performance Tests › Resource Optimization › should use optimized images 

    Error: browserType.launch: Executable doesn't exist at C:\Users\illif\AppData\Local\ms-playwright\webkit-2203\Playwright.exe
    ╔═════════════════════════════════════════════════════════════════════════╗
    ║ Looks like Playwright Test or Playwright was just installed or updated. ║
    ║ Please run the following command to download new browsers:              ║
    ║                                                                         ║
    ║     npx playwright install                                              ║
    ║                                                                         ║
    ║ <3 Playwright Team                                                      ║
    ╚═════════════════════════════════════════════════════════════════════════╝
]]>
</failure>
</testcase>
<testcase name="Homepage CMS Performance Tests › Resource Optimization › should lazy load below-the-fold content" classname="homepage-cms-performance.spec.ts" time="0.031">
<failure message="homepage-cms-performance.spec.ts:287:9 should lazy load below-the-fold content" type="FAILURE">
<![CDATA[  [Mobile Safari] › homepage-cms-performance.spec.ts:287:9 › Homepage CMS Performance Tests › Resource Optimization › should lazy load below-the-fold content 

    Error: browserType.launch: Executable doesn't exist at C:\Users\illif\AppData\Local\ms-playwright\webkit-2203\Playwright.exe
    ╔═════════════════════════════════════════════════════════════════════════╗
    ║ Looks like Playwright Test or Playwright was just installed or updated. ║
    ║ Please run the following command to download new browsers:              ║
    ║                                                                         ║
    ║     npx playwright install                                              ║
    ║                                                                         ║
    ║ <3 Playwright Team                                                      ║
    ╚═════════════════════════════════════════════════════════════════════════╝
]]>
</failure>
</testcase>
<testcase name="Homepage CMS Performance Tests › Resource Optimization › should minimize JavaScript bundle size impact" classname="homepage-cms-performance.spec.ts" time="0.026">
<failure message="homepage-cms-performance.spec.ts:305:9 should minimize JavaScript bundle size impact" type="FAILURE">
<![CDATA[  [Mobile Safari] › homepage-cms-performance.spec.ts:305:9 › Homepage CMS Performance Tests › Resource Optimization › should minimize JavaScript bundle size impact 

    Error: browserType.launch: Executable doesn't exist at C:\Users\illif\AppData\Local\ms-playwright\webkit-2203\Playwright.exe
    ╔═════════════════════════════════════════════════════════════════════════╗
    ║ Looks like Playwright Test or Playwright was just installed or updated. ║
    ║ Please run the following command to download new browsers:              ║
    ║                                                                         ║
    ║     npx playwright install                                              ║
    ║                                                                         ║
    ║ <3 Playwright Team                                                      ║
    ╚═════════════════════════════════════════════════════════════════════════╝
]]>
</failure>
</testcase>
<testcase name="Homepage CMS Performance Tests › API Performance › should handle API requests efficiently" classname="homepage-cms-performance.spec.ts" time="0.021">
<failure message="homepage-cms-performance.spec.ts:325:9 should handle API requests efficiently" type="FAILURE">
<![CDATA[  [Mobile Safari] › homepage-cms-performance.spec.ts:325:9 › Homepage CMS Performance Tests › API Performance › should handle API requests efficiently 

    Error: browserType.launch: Executable doesn't exist at C:\Users\illif\AppData\Local\ms-playwright\webkit-2203\Playwright.exe
    ╔═════════════════════════════════════════════════════════════════════════╗
    ║ Looks like Playwright Test or Playwright was just installed or updated. ║
    ║ Please run the following command to download new browsers:              ║
    ║                                                                         ║
    ║     npx playwright install                                              ║
    ║                                                                         ║
    ║ <3 Playwright Team                                                      ║
    ╚═════════════════════════════════════════════════════════════════════════╝
]]>
</failure>
</testcase>
<testcase name="Homepage CMS Performance Tests › API Performance › should not block rendering on API calls" classname="homepage-cms-performance.spec.ts" time="0.018">
<failure message="homepage-cms-performance.spec.ts:351:9 should not block rendering on API calls" type="FAILURE">
<![CDATA[  [Mobile Safari] › homepage-cms-performance.spec.ts:351:9 › Homepage CMS Performance Tests › API Performance › should not block rendering on API calls 

    Error: browserType.launch: Executable doesn't exist at C:\Users\illif\AppData\Local\ms-playwright\webkit-2203\Playwright.exe
    ╔═════════════════════════════════════════════════════════════════════════╗
    ║ Looks like Playwright Test or Playwright was just installed or updated. ║
    ║ Please run the following command to download new browsers:              ║
    ║                                                                         ║
    ║     npx playwright install                                              ║
    ║                                                                         ║
    ║ <3 Playwright Team                                                      ║
    ╚═════════════════════════════════════════════════════════════════════════╝
]]>
</failure>
</testcase>
<testcase name="Homepage CMS Performance Tests › Lighthouse Score Verification › should maintain acceptable performance score" classname="homepage-cms-performance.spec.ts" time="0.02">
<failure message="homepage-cms-performance.spec.ts:368:9 should maintain acceptable performance score" type="FAILURE">
<![CDATA[  [Mobile Safari] › homepage-cms-performance.spec.ts:368:9 › Homepage CMS Performance Tests › Lighthouse Score Verification › should maintain acceptable performance score 

    Error: browserType.launch: Executable doesn't exist at C:\Users\illif\AppData\Local\ms-playwright\webkit-2203\Playwright.exe
    ╔═════════════════════════════════════════════════════════════════════════╗
    ║ Looks like Playwright Test or Playwright was just installed or updated. ║
    ║ Please run the following command to download new browsers:              ║
    ║                                                                         ║
    ║     npx playwright install                                              ║
    ║                                                                         ║
    ║ <3 Playwright Team                                                      ║
    ╚═════════════════════════════════════════════════════════════════════════╝
]]>
</failure>
</testcase>
<testcase name="Homepage CMS Performance Tests › Lighthouse Score Verification › should have good SEO structure" classname="homepage-cms-performance.spec.ts" time="0.02">
<failure message="homepage-cms-performance.spec.ts:390:9 should have good SEO structure" type="FAILURE">
<![CDATA[  [Mobile Safari] › homepage-cms-performance.spec.ts:390:9 › Homepage CMS Performance Tests › Lighthouse Score Verification › should have good SEO structure 

    Error: browserType.launch: Executable doesn't exist at C:\Users\illif\AppData\Local\ms-playwright\webkit-2203\Playwright.exe
    ╔═════════════════════════════════════════════════════════════════════════╗
    ║ Looks like Playwright Test or Playwright was just installed or updated. ║
    ║ Please run the following command to download new browsers:              ║
    ║                                                                         ║
    ║     npx playwright install                                              ║
    ║                                                                         ║
    ║ <3 Playwright Team                                                      ║
    ╚═════════════════════════════════════════════════════════════════════════╝
]]>
</failure>
</testcase>
<testcase name="Homepage CMS Performance Tests › Lighthouse Score Verification › should maintain accessibility standards" classname="homepage-cms-performance.spec.ts" time="0.017">
<failure message="homepage-cms-performance.spec.ts:413:9 should maintain accessibility standards" type="FAILURE">
<![CDATA[  [Mobile Safari] › homepage-cms-performance.spec.ts:413:9 › Homepage CMS Performance Tests › Lighthouse Score Verification › should maintain accessibility standards 

    Error: browserType.launch: Executable doesn't exist at C:\Users\illif\AppData\Local\ms-playwright\webkit-2203\Playwright.exe
    ╔═════════════════════════════════════════════════════════════════════════╗
    ║ Looks like Playwright Test or Playwright was just installed or updated. ║
    ║ Please run the following command to download new browsers:              ║
    ║                                                                         ║
    ║     npx playwright install                                              ║
    ║                                                                         ║
    ║ <3 Playwright Team                                                      ║
    ╚═════════════════════════════════════════════════════════════════════════╝
]]>
</failure>
</testcase>
<testcase name="Homepage CMS Performance Tests › Stress Testing › should handle rapid navigation" classname="homepage-cms-performance.spec.ts" time="0.015">
<failure message="homepage-cms-performance.spec.ts:441:9 should handle rapid navigation" type="FAILURE">
<![CDATA[  [Mobile Safari] › homepage-cms-performance.spec.ts:441:9 › Homepage CMS Performance Tests › Stress Testing › should handle rapid navigation 

    Error: browserType.launch: Executable doesn't exist at C:\Users\illif\AppData\Local\ms-playwright\webkit-2203\Playwright.exe
    ╔═════════════════════════════════════════════════════════════════════════╗
    ║ Looks like Playwright Test or Playwright was just installed or updated. ║
    ║ Please run the following command to download new browsers:              ║
    ║                                                                         ║
    ║     npx playwright install                                              ║
    ║                                                                         ║
    ║ <3 Playwright Team                                                      ║
    ╚═════════════════════════════════════════════════════════════════════════╝
]]>
</failure>
</testcase>
<testcase name="Homepage CMS Performance Tests › Stress Testing › should maintain performance under scroll stress" classname="homepage-cms-performance.spec.ts" time="0.02">
<failure message="homepage-cms-performance.spec.ts:457:9 should maintain performance under scroll stress" type="FAILURE">
<![CDATA[  [Mobile Safari] › homepage-cms-performance.spec.ts:457:9 › Homepage CMS Performance Tests › Stress Testing › should maintain performance under scroll stress 

    Error: browserType.launch: Executable doesn't exist at C:\Users\illif\AppData\Local\ms-playwright\webkit-2203\Playwright.exe
    ╔═════════════════════════════════════════════════════════════════════════╗
    ║ Looks like Playwright Test or Playwright was just installed or updated. ║
    ║ Please run the following command to download new browsers:              ║
    ║                                                                         ║
    ║     npx playwright install                                              ║
    ║                                                                         ║
    ║ <3 Playwright Team                                                      ║
    ╚═════════════════════════════════════════════════════════════════════════╝
]]>
</failure>
</testcase>
</testsuite>
<testsuite name="homepage-cms-performance.spec.ts" timestamp="2025-10-05T18:09:09.268Z" hostname="chromium-legacy" tests="22" failures="10" skipped="0" time="303.852" errors="0">
<testcase name="Homepage CMS Performance Tests › Page Load Performance › should load homepage within acceptable time" classname="homepage-cms-performance.spec.ts" time="3.018">
<system-out>
<![CDATA[Homepage load time: 2088ms
]]>
</system-out>
</testcase>
<testcase name="Homepage CMS Performance Tests › Page Load Performance › should have fast First Contentful Paint" classname="homepage-cms-performance.spec.ts" time="8.791">
<failure message="homepage-cms-performance.spec.ts:26:9 should have fast First Contentful Paint" type="FAILURE">
<![CDATA[  [chromium-legacy] › homepage-cms-performance.spec.ts:26:9 › Homepage CMS Performance Tests › Page Load Performance › should have fast First Contentful Paint 

    Error: expect(locator).toBeVisible() failed

    Locator:  locator('[class*="hero"], [class*="Hero"]').first()
    Expected: visible
    Received: <element(s) not found>
    Timeout:  2000ms

    Call log:
      - Expect "toBeVisible" with timeout 2000ms
      - waiting for locator('[class*="hero"], [class*="Hero"]').first()


      32 |       // Check that hero section loads quickly
      33 |       const heroSection = page.locator('[class*="hero"], [class*="Hero"]').first();
    > 34 |       await expect(heroSection).toBeVisible({ timeout: 2000 });
         |                                 ^
      35 |     });
      36 |
      37 |     test('should display content without layout shift', async ({ page }) => {
        at C:\dev\fullstack\next_laravel\nik_studio_2_19\frontend_next\tests\e2e\homepage-cms-performance.spec.ts:34:33

    attachment #1: screenshot (image/png) ──────────────────────────────────────────────────────────
    ..\..\test-results\homepage-cms-performance-H-d6278-fast-First-Contentful-Paint-chromium-legacy\test-failed-1.png
    ────────────────────────────────────────────────────────────────────────────────────────────────

    attachment #2: video (video/webm) ──────────────────────────────────────────────────────────────
    ..\..\test-results\homepage-cms-performance-H-d6278-fast-First-Contentful-Paint-chromium-legacy\video.webm
    ────────────────────────────────────────────────────────────────────────────────────────────────

    Error Context: ..\..\test-results\homepage-cms-performance-H-d6278-fast-First-Contentful-Paint-chromium-legacy\error-context.md
]]>
</failure>
<system-out>
<![CDATA[
[[ATTACHMENT|homepage-cms-performance-H-d6278-fast-First-Contentful-Paint-chromium-legacy\test-failed-1.png]]

[[ATTACHMENT|homepage-cms-performance-H-d6278-fast-First-Contentful-Paint-chromium-legacy\video.webm]]

[[ATTACHMENT|homepage-cms-performance-H-d6278-fast-First-Contentful-Paint-chromium-legacy\error-context.md]]
]]>
</system-out>
</testcase>
<testcase name="Homepage CMS Performance Tests › Page Load Performance › should display content without layout shift" classname="homepage-cms-performance.spec.ts" time="15.413">
<failure message="homepage-cms-performance.spec.ts:37:9 should display content without layout shift" type="FAILURE">
<![CDATA[  [chromium-legacy] › homepage-cms-performance.spec.ts:37:9 › Homepage CMS Performance Tests › Page Load Performance › should display content without layout shift 

    Error: expect(locator).toBeVisible() failed

    Locator:  locator('section').nth(3)
    Expected: visible
    Received: hidden
    Timeout:  10000ms

    Call log:
      - Expect "toBeVisible" with timeout 10000ms
      - waiting for locator('section').nth(3)
        13 × locator resolved to <section class="w-full bg-[#0E1011] flex flex-col mt-[28px] sm:mt-3 ">…</section>
           - unexpected value "hidden"


      49 |       // All sections should be visible without shifts
      50 |       for (let i = 0; i < Math.min(sectionCount, 5); i++) {
    > 51 |         await expect(sections.nth(i)).toBeVisible();
         |                                       ^
      52 |       }
      53 |     });
      54 |   });
        at C:\dev\fullstack\next_laravel\nik_studio_2_19\frontend_next\tests\e2e\homepage-cms-performance.spec.ts:51:39

    attachment #1: screenshot (image/png) ──────────────────────────────────────────────────────────
    ..\..\test-results\homepage-cms-performance-H-239a1-ontent-without-layout-shift-chromium-legacy\test-failed-1.png
    ────────────────────────────────────────────────────────────────────────────────────────────────

    attachment #2: video (video/webm) ──────────────────────────────────────────────────────────────
    ..\..\test-results\homepage-cms-performance-H-239a1-ontent-without-layout-shift-chromium-legacy\video.webm
    ────────────────────────────────────────────────────────────────────────────────────────────────

    Error Context: ..\..\test-results\homepage-cms-performance-H-239a1-ontent-without-layout-shift-chromium-legacy\error-context.md
]]>
</failure>
<system-out>
<![CDATA[
[[ATTACHMENT|homepage-cms-performance-H-239a1-ontent-without-layout-shift-chromium-legacy\test-failed-1.png]]

[[ATTACHMENT|homepage-cms-performance-H-239a1-ontent-without-layout-shift-chromium-legacy\video.webm]]

[[ATTACHMENT|homepage-cms-performance-H-239a1-ontent-without-layout-shift-chromium-legacy\error-context.md]]
]]>
</system-out>
</testcase>
<testcase name="Homepage CMS Performance Tests › ISR Caching Behavior › should serve homepage from ISR cache on second visit" classname="homepage-cms-performance.spec.ts" time="31.927">
<failure message="homepage-cms-performance.spec.ts:57:9 should serve homepage from ISR cache on second visit" type="FAILURE">
<![CDATA[  [chromium-legacy] › homepage-cms-performance.spec.ts:57:9 › Homepage CMS Performance Tests › ISR Caching Behavior › should serve homepage from ISR cache on second visit 

    Test timeout of 30000ms exceeded.

    Error: page.waitForLoadState: Test timeout of 30000ms exceeded.

      66 |       const startTime = Date.now();
      67 |       await page.goto('/');
    > 68 |       await page.waitForLoadState('networkidle');
         |                  ^
      69 |       const cachedLoadTime = Date.now() - startTime;
      70 |       
      71 |       const secondContent = await page.locator('body').textContent();
        at C:\dev\fullstack\next_laravel\nik_studio_2_19\frontend_next\tests\e2e\homepage-cms-performance.spec.ts:68:18

    attachment #1: screenshot (image/png) ──────────────────────────────────────────────────────────
    ..\..\test-results\homepage-cms-performance-H-80841-m-ISR-cache-on-second-visit-chromium-legacy\test-failed-1.png
    ────────────────────────────────────────────────────────────────────────────────────────────────

    attachment #2: video (video/webm) ──────────────────────────────────────────────────────────────
    ..\..\test-results\homepage-cms-performance-H-80841-m-ISR-cache-on-second-visit-chromium-legacy\video.webm
    ────────────────────────────────────────────────────────────────────────────────────────────────

    Error Context: ..\..\test-results\homepage-cms-performance-H-80841-m-ISR-cache-on-second-visit-chromium-legacy\error-context.md
]]>
</failure>
<system-out>
<![CDATA[
[[ATTACHMENT|homepage-cms-performance-H-80841-m-ISR-cache-on-second-visit-chromium-legacy\test-failed-1.png]]

[[ATTACHMENT|homepage-cms-performance-H-80841-m-ISR-cache-on-second-visit-chromium-legacy\video.webm]]

[[ATTACHMENT|homepage-cms-performance-H-80841-m-ISR-cache-on-second-visit-chromium-legacy\error-context.md]]
]]>
</system-out>
</testcase>
<testcase name="Homepage CMS Performance Tests › ISR Caching Behavior › should maintain ISR cache across multiple visits" classname="homepage-cms-performance.spec.ts" time="31.707">
<failure message="homepage-cms-performance.spec.ts:80:9 should maintain ISR cache across multiple visits" type="FAILURE">
<![CDATA[  [chromium-legacy] › homepage-cms-performance.spec.ts:80:9 › Homepage CMS Performance Tests › ISR Caching Behavior › should maintain ISR cache across multiple visits 

    Test timeout of 30000ms exceeded.

    Error: page.waitForLoadState: Test timeout of 30000ms exceeded.

      85 |         const startTime = Date.now();
      86 |         await page.goto('/');
    > 87 |         await page.waitForLoadState('networkidle');
         |                    ^
      88 |         const loadTime = Date.now() - startTime;
      89 |         
      90 |         loadTimes.push(loadTime);
        at C:\dev\fullstack\next_laravel\nik_studio_2_19\frontend_next\tests\e2e\homepage-cms-performance.spec.ts:87:20

    attachment #1: screenshot (image/png) ──────────────────────────────────────────────────────────
    ..\..\test-results\homepage-cms-performance-H-9812d-ache-across-multiple-visits-chromium-legacy\test-failed-1.png
    ────────────────────────────────────────────────────────────────────────────────────────────────

    attachment #2: video (video/webm) ──────────────────────────────────────────────────────────────
    ..\..\test-results\homepage-cms-performance-H-9812d-ache-across-multiple-visits-chromium-legacy\video.webm
    ────────────────────────────────────────────────────────────────────────────────────────────────

    Error Context: ..\..\test-results\homepage-cms-performance-H-9812d-ache-across-multiple-visits-chromium-legacy\error-context.md
]]>
</failure>
<system-out>
<![CDATA[
[[ATTACHMENT|homepage-cms-performance-H-9812d-ache-across-multiple-visits-chromium-legacy\test-failed-1.png]]

[[ATTACHMENT|homepage-cms-performance-H-9812d-ache-across-multiple-visits-chromium-legacy\video.webm]]

[[ATTACHMENT|homepage-cms-performance-H-9812d-ache-across-multiple-visits-chromium-legacy\error-context.md]]
]]>
</system-out>
</testcase>
<testcase name="Homepage CMS Performance Tests › ISR Caching Behavior › should have 30-minute revalidation period" classname="homepage-cms-performance.spec.ts" time="5.056">
<system-out>
<![CDATA[Cache-Control: no-store, must-revalidate
X-Nextjs-Cache: [90mundefined[39m
]]>
</system-out>
</testcase>
<testcase name="Homepage CMS Performance Tests › CMS Content Loading › should load all CMS sections without errors" classname="homepage-cms-performance.spec.ts" time="20.667">
<failure message="homepage-cms-performance.spec.ts:131:9 should load all CMS sections without errors" type="FAILURE">
<![CDATA[  [chromium-legacy] › homepage-cms-performance.spec.ts:131:9 › Homepage CMS Performance Tests › CMS Content Loading › should load all CMS sections without errors 

    Error: expect(locator).toBeVisible() failed

    Locator:  locator('[class*="hero"], [class*="Hero"]').first()
    Expected: visible
    Received: <element(s) not found>
    Timeout:  3000ms

    Call log:
      - Expect "toBeVisible" with timeout 3000ms
      - waiting for locator('[class*="hero"], [class*="Hero"]').first()


      140 |       
      141 |       // All sections should be visible
    > 142 |       await expect(heroSection).toBeVisible({ timeout: 3000 });
          |                                 ^
      143 |       await expect(mainContentSection).toBeVisible({ timeout: 3000 });
      144 |       
      145 |       // Services and testimonials may be lazy loaded
        at C:\dev\fullstack\next_laravel\nik_studio_2_19\frontend_next\tests\e2e\homepage-cms-performance.spec.ts:142:33

    attachment #1: screenshot (image/png) ──────────────────────────────────────────────────────────
    ..\..\test-results\homepage-cms-performance-H-dc94c-CMS-sections-without-errors-chromium-legacy\test-failed-1.png
    ────────────────────────────────────────────────────────────────────────────────────────────────

    attachment #2: video (video/webm) ──────────────────────────────────────────────────────────────
    ..\..\test-results\homepage-cms-performance-H-dc94c-CMS-sections-without-errors-chromium-legacy\video.webm
    ────────────────────────────────────────────────────────────────────────────────────────────────

    Error Context: ..\..\test-results\homepage-cms-performance-H-dc94c-CMS-sections-without-errors-chromium-legacy\error-context.md
]]>
</failure>
<system-out>
<![CDATA[
[[ATTACHMENT|homepage-cms-performance-H-dc94c-CMS-sections-without-errors-chromium-legacy\test-failed-1.png]]

[[ATTACHMENT|homepage-cms-performance-H-dc94c-CMS-sections-without-errors-chromium-legacy\video.webm]]

[[ATTACHMENT|homepage-cms-performance-H-dc94c-CMS-sections-without-errors-chromium-legacy\error-context.md]]
]]>
</system-out>
</testcase>
<testcase name="Homepage CMS Performance Tests › CMS Content Loading › should load images efficiently" classname="homepage-cms-performance.spec.ts" time="20.26">
<system-out>
<![CDATA[Image 1: src=/images/header/logo_header.svg...
Image 2: src=/images/header/burger.svg...
Image 3: src=/_next/image?url=%2Fimages%2Fhome%2Fhero-image.png...
Image 4: src=/images/home/nik-logo-hero.svg...
Image 5: src=/_next/image?url=http%3A%2F%2Flocalhost%3A8000%2Fs...
]]>
</system-out>
</testcase>
<testcase name="Homepage CMS Performance Tests › CMS Content Loading › should handle fallback content gracefully" classname="homepage-cms-performance.spec.ts" time="14.778">
<failure message="homepage-cms-performance.spec.ts:177:9 should handle fallback content gracefully" type="FAILURE">
<![CDATA[  [chromium-legacy] › homepage-cms-performance.spec.ts:177:9 › Homepage CMS Performance Tests › CMS Content Loading › should handle fallback content gracefully 

    Error: expect(locator).toBeVisible() failed

    Locator:  locator('[class*="hero"], [class*="Hero"]').first()
    Expected: visible
    Received: <element(s) not found>
    Timeout:  10000ms

    Call log:
      - Expect "toBeVisible" with timeout 10000ms
      - waiting for locator('[class*="hero"], [class*="Hero"]').first()


      185 |       // Hero section should have content (either from API or fallback)
      186 |       const heroSection = page.locator('[class*="hero"], [class*="Hero"]').first();
    > 187 |       await expect(heroSection).toBeVisible();
          |                                 ^
      188 |       
      189 |       const heroText = await heroSection.textContent();
      190 |       expect(heroText).toBeTruthy();
        at C:\dev\fullstack\next_laravel\nik_studio_2_19\frontend_next\tests\e2e\homepage-cms-performance.spec.ts:187:33

    attachment #1: screenshot (image/png) ──────────────────────────────────────────────────────────
    ..\..\test-results\homepage-cms-performance-H-f9129-fallback-content-gracefully-chromium-legacy\test-failed-1.png
    ────────────────────────────────────────────────────────────────────────────────────────────────

    attachment #2: video (video/webm) ──────────────────────────────────────────────────────────────
    ..\..\test-results\homepage-cms-performance-H-f9129-fallback-content-gracefully-chromium-legacy\video.webm
    ────────────────────────────────────────────────────────────────────────────────────────────────

    Error Context: ..\..\test-results\homepage-cms-performance-H-f9129-fallback-content-gracefully-chromium-legacy\error-context.md
]]>
</failure>
<system-out>
<![CDATA[
[[ATTACHMENT|homepage-cms-performance-H-f9129-fallback-content-gracefully-chromium-legacy\test-failed-1.png]]

[[ATTACHMENT|homepage-cms-performance-H-f9129-fallback-content-gracefully-chromium-legacy\video.webm]]

[[ATTACHMENT|homepage-cms-performance-H-f9129-fallback-content-gracefully-chromium-legacy\error-context.md]]
]]>
</system-out>
</testcase>
<testcase name="Homepage CMS Performance Tests › Performance Metrics › should have acceptable Time to Interactive" classname="homepage-cms-performance.spec.ts" time="4.982">
<failure message="homepage-cms-performance.spec.ts:196:9 should have acceptable Time to Interactive" type="FAILURE">
<![CDATA[  [chromium-legacy] › homepage-cms-performance.spec.ts:196:9 › Homepage CMS Performance Tests › Performance Metrics › should have acceptable Time to Interactive 

    Error: expect(received).toBeLessThan(expected)

    Expected: < 2000
    Received:   3295

      207 |       
      208 |       // DOM should load quickly
    > 209 |       expect(domLoadTime).toBeLessThan(2000);
          |                           ^
      210 |       
      211 |       // Page should be interactive quickly
      212 |       expect(interactiveTime).toBeLessThan(3000);
        at C:\dev\fullstack\next_laravel\nik_studio_2_19\frontend_next\tests\e2e\homepage-cms-performance.spec.ts:209:27

    attachment #1: screenshot (image/png) ──────────────────────────────────────────────────────────
    ..\..\test-results\homepage-cms-performance-H-72a16-eptable-Time-to-Interactive-chromium-legacy\test-failed-1.png
    ────────────────────────────────────────────────────────────────────────────────────────────────

    attachment #2: video (video/webm) ──────────────────────────────────────────────────────────────
    ..\..\test-results\homepage-cms-performance-H-72a16-eptable-Time-to-Interactive-chromium-legacy\video.webm
    ────────────────────────────────────────────────────────────────────────────────────────────────

    Error Context: ..\..\test-results\homepage-cms-performance-H-72a16-eptable-Time-to-Interactive-chromium-legacy\error-context.md
]]>
</failure>
<system-out>
<![CDATA[
[[ATTACHMENT|homepage-cms-performance-H-72a16-eptable-Time-to-Interactive-chromium-legacy\test-failed-1.png]]

[[ATTACHMENT|homepage-cms-performance-H-72a16-eptable-Time-to-Interactive-chromium-legacy\video.webm]]

[[ATTACHMENT|homepage-cms-performance-H-72a16-eptable-Time-to-Interactive-chromium-legacy\error-context.md]]
]]>
</system-out>
</testcase>
<testcase name="Homepage CMS Performance Tests › Performance Metrics › should maintain performance with client-side interactions" classname="homepage-cms-performance.spec.ts" time="3.786">
</testcase>
<testcase name="Homepage CMS Performance Tests › Performance Metrics › should load without blocking resources" classname="homepage-cms-performance.spec.ts" time="21.233">
<system-out>
<![CDATA[Blocking resources loaded: 10
]]>
</system-out>
</testcase>
<testcase name="Homepage CMS Performance Tests › Resource Optimization › should use optimized images" classname="homepage-cms-performance.spec.ts" time="24.268">
<system-out>
<![CDATA[Image loading strategy: null
]]>
</system-out>
</testcase>
<testcase name="Homepage CMS Performance Tests › Resource Optimization › should lazy load below-the-fold content" classname="homepage-cms-performance.spec.ts" time="5.366">
<failure message="homepage-cms-performance.spec.ts:287:9 should lazy load below-the-fold content" type="FAILURE">
<![CDATA[  [chromium-legacy] › homepage-cms-performance.spec.ts:287:9 › Homepage CMS Performance Tests › Resource Optimization › should lazy load below-the-fold content 

    Error: expect(locator).toBeVisible() failed

    Locator:  locator('[class*="hero"], [class*="Hero"]').first()
    Expected: visible
    Received: <element(s) not found>
    Timeout:  1000ms

    Call log:
      - Expect "toBeVisible" with timeout 1000ms
      - waiting for locator('[class*="hero"], [class*="Hero"]').first()


      293 |       // Check that hero is visible immediately
      294 |       const heroSection = page.locator('[class*="hero"], [class*="Hero"]').first();
    > 295 |       await expect(heroSection).toBeVisible({ timeout: 1000 });
          |                                 ^
      296 |       
      297 |       // Scroll to trigger lazy loading
      298 |       await page.evaluate(() => window.scrollTo(0, document.body.scrollHeight / 2));
        at C:\dev\fullstack\next_laravel\nik_studio_2_19\frontend_next\tests\e2e\homepage-cms-performance.spec.ts:295:33

    attachment #1: screenshot (image/png) ──────────────────────────────────────────────────────────
    ..\..\test-results\homepage-cms-performance-H-590ec-load-below-the-fold-content-chromium-legacy\test-failed-1.png
    ────────────────────────────────────────────────────────────────────────────────────────────────

    attachment #2: video (video/webm) ──────────────────────────────────────────────────────────────
    ..\..\test-results\homepage-cms-performance-H-590ec-load-below-the-fold-content-chromium-legacy\video.webm
    ────────────────────────────────────────────────────────────────────────────────────────────────

    Error Context: ..\..\test-results\homepage-cms-performance-H-590ec-load-below-the-fold-content-chromium-legacy\error-context.md
]]>
</failure>
<system-out>
<![CDATA[
[[ATTACHMENT|homepage-cms-performance-H-590ec-load-below-the-fold-content-chromium-legacy\test-failed-1.png]]

[[ATTACHMENT|homepage-cms-performance-H-590ec-load-below-the-fold-content-chromium-legacy\video.webm]]

[[ATTACHMENT|homepage-cms-performance-H-590ec-load-below-the-fold-content-chromium-legacy\error-context.md]]
]]>
</system-out>
</testcase>
<testcase name="Homepage CMS Performance Tests › Resource Optimization › should minimize JavaScript bundle size impact" classname="homepage-cms-performance.spec.ts" time="13.585">
<system-out>
<![CDATA[JavaScript files loaded: 8
]]>
</system-out>
</testcase>
<testcase name="Homepage CMS Performance Tests › API Performance › should handle API requests efficiently" classname="homepage-cms-performance.spec.ts" time="4.486">
<failure message="homepage-cms-performance.spec.ts:325:9 should handle API requests efficiently" type="FAILURE">
<![CDATA[  [chromium-legacy] › homepage-cms-performance.spec.ts:325:9 › Homepage CMS Performance Tests › API Performance › should handle API requests efficiently 

    TypeError: response.timing is not a function

      328 |       page.on('response', async response => {
      329 |         if (response.url().includes('/api/')) {
    > 330 |           const timing = response.timing();
          |                                   ^
      331 |           apiRequests.push({
      332 |             url: response.url(),
      333 |             time: timing.responseEnd
        at Page.<anonymous> (C:\dev\fullstack\next_laravel\nik_studio_2_19\frontend_next\tests\e2e\homepage-cms-performance.spec.ts:330:35)

    Error: page.goto: Test ended.
    Call log:
      - navigating to "http://localhost:3000/", waiting until "load"


      336 |       });
      337 |       
    > 338 |       await page.goto('/');
          |                  ^
      339 |       await page.waitForLoadState('networkidle');
      340 |       
      341 |       // Log API requests
        at C:\dev\fullstack\next_laravel\nik_studio_2_19\frontend_next\tests\e2e\homepage-cms-performance.spec.ts:338:18

    attachment #1: screenshot (image/png) ──────────────────────────────────────────────────────────
    ..\..\test-results\homepage-cms-performance-H-3de7f-le-API-requests-efficiently-chromium-legacy\test-failed-1.png
    ────────────────────────────────────────────────────────────────────────────────────────────────

    attachment #2: video (video/webm) ──────────────────────────────────────────────────────────────
    ..\..\test-results\homepage-cms-performance-H-3de7f-le-API-requests-efficiently-chromium-legacy\video.webm
    ────────────────────────────────────────────────────────────────────────────────────────────────

    Error Context: ..\..\test-results\homepage-cms-performance-H-3de7f-le-API-requests-efficiently-chromium-legacy\error-context.md
]]>
</failure>
<system-out>
<![CDATA[
[[ATTACHMENT|homepage-cms-performance-H-3de7f-le-API-requests-efficiently-chromium-legacy\test-failed-1.png]]

[[ATTACHMENT|homepage-cms-performance-H-3de7f-le-API-requests-efficiently-chromium-legacy\video.webm]]

[[ATTACHMENT|homepage-cms-performance-H-3de7f-le-API-requests-efficiently-chromium-legacy\error-context.md]]
]]>
</system-out>
</testcase>
<testcase name="Homepage CMS Performance Tests › API Performance › should not block rendering on API calls" classname="homepage-cms-performance.spec.ts" time="3.019">
<failure message="homepage-cms-performance.spec.ts:351:9 should not block rendering on API calls" type="FAILURE">
<![CDATA[  [chromium-legacy] › homepage-cms-performance.spec.ts:351:9 › Homepage CMS Performance Tests › API Performance › should not block rendering on API calls 

    Error: expect(received).toBeLessThan(expected)

    Expected: < 1500
    Received:   2109

      359 |       
      360 |       // First paint should be fast (not blocked by API)
    > 361 |       expect(firstPaintTime).toBeLessThan(1500);
          |                              ^
      362 |       
      363 |       console.log(`First paint time: ${firstPaintTime}ms`);
      364 |     });
        at C:\dev\fullstack\next_laravel\nik_studio_2_19\frontend_next\tests\e2e\homepage-cms-performance.spec.ts:361:30

    attachment #1: screenshot (image/png) ──────────────────────────────────────────────────────────
    ..\..\test-results\homepage-cms-performance-H-92f82-lock-rendering-on-API-calls-chromium-legacy\test-failed-1.png
    ────────────────────────────────────────────────────────────────────────────────────────────────

    attachment #2: video (video/webm) ──────────────────────────────────────────────────────────────
    ..\..\test-results\homepage-cms-performance-H-92f82-lock-rendering-on-API-calls-chromium-legacy\video.webm
    ────────────────────────────────────────────────────────────────────────────────────────────────

    Error Context: ..\..\test-results\homepage-cms-performance-H-92f82-lock-rendering-on-API-calls-chromium-legacy\error-context.md
]]>
</failure>
<system-out>
<![CDATA[
[[ATTACHMENT|homepage-cms-performance-H-92f82-lock-rendering-on-API-calls-chromium-legacy\test-failed-1.png]]

[[ATTACHMENT|homepage-cms-performance-H-92f82-lock-rendering-on-API-calls-chromium-legacy\video.webm]]

[[ATTACHMENT|homepage-cms-performance-H-92f82-lock-rendering-on-API-calls-chromium-legacy\error-context.md]]
]]>
</system-out>
</testcase>
<testcase name="Homepage CMS Performance Tests › Lighthouse Score Verification › should maintain acceptable performance score" classname="homepage-cms-performance.spec.ts" time="18.295">
<system-out>
<![CDATA[Images loaded: 43
Sections rendered: 5
]]>
</system-out>
</testcase>
<testcase name="Homepage CMS Performance Tests › Lighthouse Score Verification › should have good SEO structure" classname="homepage-cms-performance.spec.ts" time="4.115">
<system-out>
<![CDATA[Page title: Nik Studio
Meta description: Комплексные решения для промышленных компаний / по...
H1 headings: 1
]]>
</system-out>
</testcase>
<testcase name="Homepage CMS Performance Tests › Lighthouse Score Verification › should maintain accessibility standards" classname="homepage-cms-performance.spec.ts" time="4.101">
<system-out>
<![CDATA[Images with alt text: 10/10
Total headings: 39
]]>
</system-out>
</testcase>
<testcase name="Homepage CMS Performance Tests › Stress Testing › should handle rapid navigation" classname="homepage-cms-performance.spec.ts" time="30.175">
</testcase>
<testcase name="Homepage CMS Performance Tests › Stress Testing › should maintain performance under scroll stress" classname="homepage-cms-performance.spec.ts" time="14.824">
</testcase>
</testsuite>
</testsuites>